[26-Feb-2022 11:29:01 Asia/Tokyo] PHP Parse error:  syntax error, unexpected end of file, expecting elseif (T_ELSEIF) or else (T_ELSE) or endif (T_ENDIF) in /home/users/1/kujirahand1914/web/n3s.nadesi.com/cache/show.html.php on line 97
[12-Mar-2022 10:31:36 Asia/Tokyo] PHP Warning:  mkdir(): File exists in /home/users/1/kujirahand1914/web/n3s.nadesi.com/cdn.php on line 82
[12-Mar-2022 10:31:36 Asia/Tokyo] PHP Warning:  mkdir(): File exists in /home/users/1/kujirahand1914/web/n3s.nadesi.com/cdn.php on line 82
[12-Mar-2022 10:31:36 Asia/Tokyo] PHP Warning:  mkdir(): File exists in /home/users/1/kujirahand1914/web/n3s.nadesi.com/cdn.php on line 82
[20-Apr-2022 23:44:43 Asia/Tokyo] PHP Warning:  mkdir(): File exists in /home/users/1/kujirahand1914/web/n3s.nadesi.com/cdn.php on line 82
[20-Apr-2022 23:44:43 Asia/Tokyo] PHP Warning:  mkdir(): File exists in /home/users/1/kujirahand1914/web/n3s.nadesi.com/cdn.php on line 82
[23-Apr-2022 22:01:35 Asia/Tokyo] PHP Notice:  Undefined variable: r in /home/users/1/kujirahand1914/web/n3s.nadesi.com/cache/mypage.html.php on line 82
[23-Apr-2022 22:01:35 Asia/Tokyo] PHP Notice:  Trying to access array offset on value of type null in /home/users/1/kujirahand1914/web/n3s.nadesi.com/cache/mypage.html.php on line 82
[23-Apr-2022 22:01:49 Asia/Tokyo] PHP Notice:  Undefined variable: r in /home/users/1/kujirahand1914/web/n3s.nadesi.com/cache/mypage.html.php on line 82
[23-Apr-2022 22:01:49 Asia/Tokyo] PHP Notice:  Trying to access array offset on value of type null in /home/users/1/kujirahand1914/web/n3s.nadesi.com/cache/mypage.html.php on line 82
[23-Apr-2022 22:03:38 Asia/Tokyo] PHP Notice:  Undefined variable: r in /home/users/1/kujirahand1914/web/n3s.nadesi.com/cache/mypage.html.php on line 82
[23-Apr-2022 22:03:38 Asia/Tokyo] PHP Notice:  Trying to access array offset on value of type null in /home/users/1/kujirahand1914/web/n3s.nadesi.com/cache/mypage.html.php on line 82
[19-May-2022 19:07:06 Asia/Tokyo] PHP Parse error:  syntax error, unexpected end of file, expecting ';' or ',' in /home/users/1/kujirahand1914/web/n3s.nadesi.com/cache/list.html.php on line 98
[10-Jun-2022 23:58:24 Asia/Tokyo] PHP Warning:  mkdir(): File exists in /home/users/1/kujirahand1914/web/n3s.nadesi.com/cdn.php on line 82
[10-Jun-2022 23:58:24 Asia/Tokyo] PHP Warning:  mkdir(): File exists in /home/users/1/kujirahand1914/web/n3s.nadesi.com/cdn.php on line 82
[10-Jun-2022 23:58:24 Asia/Tokyo] PHP Warning:  mkdir(): File exists in /home/users/1/kujirahand1914/web/n3s.nadesi.com/cdn.php on line 82
[22-Jun-2022 20:53:49 Asia/Tokyo] PHP Notice:  Undefined variable: r in /home/users/1/kujirahand1914/web/n3s.nadesi.com/cache/mypage.html.php on line 82
[22-Jun-2022 20:53:49 Asia/Tokyo] PHP Notice:  Trying to access array offset on value of type null in /home/users/1/kujirahand1914/web/n3s.nadesi.com/cache/mypage.html.php on line 82
[22-Jun-2022 20:53:49 Asia/Tokyo] PHP Notice:  Undefined variable: r in /home/users/1/kujirahand1914/web/n3s.nadesi.com/cache/mypage.html.php on line 82
[22-Jun-2022 20:53:49 Asia/Tokyo] PHP Notice:  Trying to access array offset on value of type null in /home/users/1/kujirahand1914/web/n3s.nadesi.com/cache/mypage.html.php on line 82
[22-Jun-2022 20:53:49 Asia/Tokyo] PHP Notice:  Undefined variable: r in /home/users/1/kujirahand1914/web/n3s.nadesi.com/cache/mypage.html.php on line 82
[22-Jun-2022 20:53:49 Asia/Tokyo] PHP Notice:  Trying to access array offset on value of type null in /home/users/1/kujirahand1914/web/n3s.nadesi.com/cache/mypage.html.php on line 82
[27-Jun-2022 12:42:46 Asia/Tokyo] PHP Notice:  Undefined variable: r in /home/users/1/kujirahand1914/web/n3s.nadesi.com/cache/mypage.html.php on line 82
[27-Jun-2022 12:42:46 Asia/Tokyo] PHP Notice:  Trying to access array offset on value of type null in /home/users/1/kujirahand1914/web/n3s.nadesi.com/cache/mypage.html.php on line 82
[27-Jun-2022 18:16:01 Asia/Tokyo] PHP Notice:  Undefined variable: r in /home/users/1/kujirahand1914/web/n3s.nadesi.com/cache/mypage.html.php on line 82
[27-Jun-2022 18:16:01 Asia/Tokyo] PHP Notice:  Trying to access array offset on value of type null in /home/users/1/kujirahand1914/web/n3s.nadesi.com/cache/mypage.html.php on line 82
[27-Jun-2022 18:29:35 Asia/Tokyo] PHP Notice:  Undefined variable: r in /home/users/1/kujirahand1914/web/n3s.nadesi.com/cache/mypage.html.php on line 82
[27-Jun-2022 18:29:35 Asia/Tokyo] PHP Notice:  Trying to access array offset on value of type null in /home/users/1/kujirahand1914/web/n3s.nadesi.com/cache/mypage.html.php on line 82
[27-Jun-2022 19:55:40 Asia/Tokyo] PHP Notice:  Undefined variable: r in /home/users/1/kujirahand1914/web/n3s.nadesi.com/cache/mypage.html.php on line 82
[27-Jun-2022 19:55:40 Asia/Tokyo] PHP Notice:  Trying to access array offset on value of type null in /home/users/1/kujirahand1914/web/n3s.nadesi.com/cache/mypage.html.php on line 82
[28-Jun-2022 01:59:33 Asia/Tokyo] PHP Notice:  Undefined variable: r in /home/users/1/kujirahand1914/web/n3s.nadesi.com/cache/mypage.html.php on line 82
[28-Jun-2022 01:59:33 Asia/Tokyo] PHP Notice:  Trying to access array offset on value of type null in /home/users/1/kujirahand1914/web/n3s.nadesi.com/cache/mypage.html.php on line 82
[28-Jun-2022 01:59:33 Asia/Tokyo] PHP Notice:  Undefined variable: r in /home/users/1/kujirahand1914/web/n3s.nadesi.com/cache/mypage.html.php on line 82
[28-Jun-2022 01:59:33 Asia/Tokyo] PHP Notice:  Trying to access array offset on value of type null in /home/users/1/kujirahand1914/web/n3s.nadesi.com/cache/mypage.html.php on line 82
[28-Jun-2022 11:57:00 Asia/Tokyo] PHP Notice:  Undefined variable: r in /home/users/1/kujirahand1914/web/n3s.nadesi.com/cache/mypage.html.php on line 82
[28-Jun-2022 11:57:00 Asia/Tokyo] PHP Notice:  Trying to access array offset on value of type null in /home/users/1/kujirahand1914/web/n3s.nadesi.com/cache/mypage.html.php on line 82
[28-Jun-2022 13:42:05 Asia/Tokyo] PHP Notice:  Undefined variable: r in /home/users/1/kujirahand1914/web/n3s.nadesi.com/cache/mypage.html.php on line 82
[28-Jun-2022 13:42:05 Asia/Tokyo] PHP Notice:  Trying to access array offset on value of type null in /home/users/1/kujirahand1914/web/n3s.nadesi.com/cache/mypage.html.php on line 82
[28-Jun-2022 13:42:17 Asia/Tokyo] PHP Notice:  Undefined variable: r in /home/users/1/kujirahand1914/web/n3s.nadesi.com/cache/mypage.html.php on line 82
[28-Jun-2022 13:42:17 Asia/Tokyo] PHP Notice:  Trying to access array offset on value of type null in /home/users/1/kujirahand1914/web/n3s.nadesi.com/cache/mypage.html.php on line 82
[28-Jun-2022 13:46:01 Asia/Tokyo] PHP Notice:  Undefined variable: r in /home/users/1/kujirahand1914/web/n3s.nadesi.com/cache/mypage.html.php on line 82
[28-Jun-2022 13:46:01 Asia/Tokyo] PHP Notice:  Trying to access array offset on value of type null in /home/users/1/kujirahand1914/web/n3s.nadesi.com/cache/mypage.html.php on line 82
[28-Jun-2022 13:46:16 Asia/Tokyo] PHP Notice:  Undefined variable: r in /home/users/1/kujirahand1914/web/n3s.nadesi.com/cache/mypage.html.php on line 82
[28-Jun-2022 13:46:16 Asia/Tokyo] PHP Notice:  Trying to access array offset on value of type null in /home/users/1/kujirahand1914/web/n3s.nadesi.com/cache/mypage.html.php on line 82
[28-Jun-2022 14:00:48 Asia/Tokyo] PHP Notice:  Undefined variable: r in /home/users/1/kujirahand1914/web/n3s.nadesi.com/cache/mypage.html.php on line 82
[28-Jun-2022 14:00:48 Asia/Tokyo] PHP Notice:  Trying to access array offset on value of type null in /home/users/1/kujirahand1914/web/n3s.nadesi.com/cache/mypage.html.php on line 82
[28-Jun-2022 14:01:57 Asia/Tokyo] PHP Notice:  Undefined variable: r in /home/users/1/kujirahand1914/web/n3s.nadesi.com/cache/mypage.html.php on line 82
[28-Jun-2022 14:01:57 Asia/Tokyo] PHP Notice:  Trying to access array offset on value of type null in /home/users/1/kujirahand1914/web/n3s.nadesi.com/cache/mypage.html.php on line 82
[28-Jun-2022 14:04:10 Asia/Tokyo] PHP Notice:  Undefined variable: r in /home/users/1/kujirahand1914/web/n3s.nadesi.com/cache/mypage.html.php on line 82
[28-Jun-2022 14:04:10 Asia/Tokyo] PHP Notice:  Trying to access array offset on value of type null in /home/users/1/kujirahand1914/web/n3s.nadesi.com/cache/mypage.html.php on line 82
[28-Jun-2022 14:32:46 Asia/Tokyo] PHP Notice:  Undefined variable: r in /home/users/1/kujirahand1914/web/n3s.nadesi.com/cache/mypage.html.php on line 82
[28-Jun-2022 14:32:46 Asia/Tokyo] PHP Notice:  Trying to access array offset on value of type null in /home/users/1/kujirahand1914/web/n3s.nadesi.com/cache/mypage.html.php on line 82
[28-Jun-2022 14:33:00 Asia/Tokyo] PHP Notice:  Undefined variable: r in /home/users/1/kujirahand1914/web/n3s.nadesi.com/cache/mypage.html.php on line 82
[28-Jun-2022 14:33:00 Asia/Tokyo] PHP Notice:  Trying to access array offset on value of type null in /home/users/1/kujirahand1914/web/n3s.nadesi.com/cache/mypage.html.php on line 82
[28-Jun-2022 14:36:33 Asia/Tokyo] PHP Notice:  Undefined variable: r in /home/users/1/kujirahand1914/web/n3s.nadesi.com/cache/mypage.html.php on line 82
[28-Jun-2022 14:36:33 Asia/Tokyo] PHP Notice:  Trying to access array offset on value of type null in /home/users/1/kujirahand1914/web/n3s.nadesi.com/cache/mypage.html.php on line 82
[28-Jun-2022 14:36:40 Asia/Tokyo] PHP Notice:  Undefined variable: r in /home/users/1/kujirahand1914/web/n3s.nadesi.com/cache/mypage.html.php on line 82
[28-Jun-2022 14:36:40 Asia/Tokyo] PHP Notice:  Trying to access array offset on value of type null in /home/users/1/kujirahand1914/web/n3s.nadesi.com/cache/mypage.html.php on line 82
[28-Jun-2022 15:25:33 Asia/Tokyo] PHP Notice:  Undefined variable: r in /home/users/1/kujirahand1914/web/n3s.nadesi.com/cache/mypage.html.php on line 82
[28-Jun-2022 15:25:33 Asia/Tokyo] PHP Notice:  Trying to access array offset on value of type null in /home/users/1/kujirahand1914/web/n3s.nadesi.com/cache/mypage.html.php on line 82
[28-Jun-2022 15:25:33 Asia/Tokyo] PHP Notice:  Undefined variable: r in /home/users/1/kujirahand1914/web/n3s.nadesi.com/cache/mypage.html.php on line 82
[28-Jun-2022 15:25:33 Asia/Tokyo] PHP Notice:  Trying to access array offset on value of type null in /home/users/1/kujirahand1914/web/n3s.nadesi.com/cache/mypage.html.php on line 82
[28-Jun-2022 15:25:36 Asia/Tokyo] PHP Notice:  Undefined variable: r in /home/users/1/kujirahand1914/web/n3s.nadesi.com/cache/mypage.html.php on line 82
[28-Jun-2022 15:25:36 Asia/Tokyo] PHP Notice:  Trying to access array offset on value of type null in /home/users/1/kujirahand1914/web/n3s.nadesi.com/cache/mypage.html.php on line 82
[28-Jun-2022 15:25:36 Asia/Tokyo] PHP Notice:  Undefined variable: r in /home/users/1/kujirahand1914/web/n3s.nadesi.com/cache/mypage.html.php on line 82
[28-Jun-2022 15:25:36 Asia/Tokyo] PHP Notice:  Trying to access array offset on value of type null in /home/users/1/kujirahand1914/web/n3s.nadesi.com/cache/mypage.html.php on line 82
[28-Jun-2022 19:34:49 Asia/Tokyo] PHP Notice:  Undefined variable: r in /home/users/1/kujirahand1914/web/n3s.nadesi.com/cache/mypage.html.php on line 82
[28-Jun-2022 19:34:49 Asia/Tokyo] PHP Notice:  Trying to access array offset on value of type null in /home/users/1/kujirahand1914/web/n3s.nadesi.com/cache/mypage.html.php on line 82
[28-Jun-2022 19:35:44 Asia/Tokyo] PHP Notice:  Undefined variable: r in /home/users/1/kujirahand1914/web/n3s.nadesi.com/cache/mypage.html.php on line 82
[28-Jun-2022 19:35:44 Asia/Tokyo] PHP Notice:  Trying to access array offset on value of type null in /home/users/1/kujirahand1914/web/n3s.nadesi.com/cache/mypage.html.php on line 82
[29-Jun-2022 22:33:25 Asia/Tokyo] PHP Parse error:  syntax error, unexpected end of file, expecting elseif (T_ELSEIF) or else (T_ELSE) or endif (T_ENDIF) in /home/users/1/kujirahand1914/web/n3s.nadesi.com/cache/show.html.php on line 97
[01-Jul-2022 14:44:15 Asia/Tokyo] PHP Notice:  Undefined variable: r in /home/users/1/kujirahand1914/web/n3s.nadesi.com/cache/mypage.html.php on line 82
[01-Jul-2022 14:44:15 Asia/Tokyo] PHP Notice:  Trying to access array offset on value of type null in /home/users/1/kujirahand1914/web/n3s.nadesi.com/cache/mypage.html.php on line 82
[04-Jul-2022 08:03:30 Asia/Tokyo] PHP Parse error:  syntax error, unexpected end of file, expecting elseif (T_ELSEIF) or else (T_ELSE) or endif (T_ENDIF) in /home/users/1/kujirahand1914/web/n3s.nadesi.com/cache/show.html.php on line 97
[05-Jul-2022 16:40:53 Asia/Tokyo] PHP Notice:  Undefined variable: r in /home/users/1/kujirahand1914/web/n3s.nadesi.com/cache/mypage.html.php on line 82
[05-Jul-2022 16:40:53 Asia/Tokyo] PHP Notice:  Trying to access array offset on value of type null in /home/users/1/kujirahand1914/web/n3s.nadesi.com/cache/mypage.html.php on line 82
[05-Jul-2022 16:40:53 Asia/Tokyo] PHP Notice:  Undefined variable: r in /home/users/1/kujirahand1914/web/n3s.nadesi.com/cache/mypage.html.php on line 82
[05-Jul-2022 16:40:53 Asia/Tokyo] PHP Notice:  Trying to access array offset on value of type null in /home/users/1/kujirahand1914/web/n3s.nadesi.com/cache/mypage.html.php on line 82
[05-Jul-2022 16:40:53 Asia/Tokyo] PHP Notice:  Undefined variable: r in /home/users/1/kujirahand1914/web/n3s.nadesi.com/cache/mypage.html.php on line 82
[05-Jul-2022 16:40:53 Asia/Tokyo] PHP Notice:  Trying to access array offset on value of type null in /home/users/1/kujirahand1914/web/n3s.nadesi.com/cache/mypage.html.php on line 82
[05-Jul-2022 16:40:53 Asia/Tokyo] PHP Notice:  Undefined variable: r in /home/users/1/kujirahand1914/web/n3s.nadesi.com/cache/mypage.html.php on line 82
[05-Jul-2022 16:40:53 Asia/Tokyo] PHP Notice:  Trying to access array offset on value of type null in /home/users/1/kujirahand1914/web/n3s.nadesi.com/cache/mypage.html.php on line 82
[05-Jul-2022 19:00:13 Asia/Tokyo] PHP Notice:  Undefined variable: r in /home/users/1/kujirahand1914/web/n3s.nadesi.com/cache/mypage.html.php on line 82
[05-Jul-2022 19:00:13 Asia/Tokyo] PHP Notice:  Trying to access array offset on value of type null in /home/users/1/kujirahand1914/web/n3s.nadesi.com/cache/mypage.html.php on line 82
[05-Jul-2022 19:00:13 Asia/Tokyo] PHP Notice:  Undefined variable: r in /home/users/1/kujirahand1914/web/n3s.nadesi.com/cache/mypage.html.php on line 82
[05-Jul-2022 19:00:13 Asia/Tokyo] PHP Notice:  Trying to access array offset on value of type null in /home/users/1/kujirahand1914/web/n3s.nadesi.com/cache/mypage.html.php on line 82
[05-Jul-2022 19:44:49 Asia/Tokyo] PHP Notice:  Undefined variable: r in /home/users/1/kujirahand1914/web/n3s.nadesi.com/cache/mypage.html.php on line 82
[05-Jul-2022 19:44:49 Asia/Tokyo] PHP Notice:  Trying to access array offset on value of type null in /home/users/1/kujirahand1914/web/n3s.nadesi.com/cache/mypage.html.php on line 82
[05-Jul-2022 19:44:49 Asia/Tokyo] PHP Notice:  Undefined variable: r in /home/users/1/kujirahand1914/web/n3s.nadesi.com/cache/mypage.html.php on line 82
[05-Jul-2022 19:44:49 Asia/Tokyo] PHP Notice:  Trying to access array offset on value of type null in /home/users/1/kujirahand1914/web/n3s.nadesi.com/cache/mypage.html.php on line 82
[05-Jul-2022 19:44:58 Asia/Tokyo] PHP Notice:  Undefined variable: r in /home/users/1/kujirahand1914/web/n3s.nadesi.com/cache/mypage.html.php on line 82
[05-Jul-2022 19:44:58 Asia/Tokyo] PHP Notice:  Trying to access array offset on value of type null in /home/users/1/kujirahand1914/web/n3s.nadesi.com/cache/mypage.html.php on line 82
[05-Jul-2022 19:44:58 Asia/Tokyo] PHP Notice:  Undefined variable: r in /home/users/1/kujirahand1914/web/n3s.nadesi.com/cache/mypage.html.php on line 82
[05-Jul-2022 19:44:58 Asia/Tokyo] PHP Notice:  Trying to access array offset on value of type null in /home/users/1/kujirahand1914/web/n3s.nadesi.com/cache/mypage.html.php on line 82
[05-Jul-2022 22:24:57 Asia/Tokyo] PHP Notice:  Undefined variable: r in /home/users/1/kujirahand1914/web/n3s.nadesi.com/cache/mypage.html.php on line 82
[05-Jul-2022 22:24:57 Asia/Tokyo] PHP Notice:  Trying to access array offset on value of type null in /home/users/1/kujirahand1914/web/n3s.nadesi.com/cache/mypage.html.php on line 82
[05-Jul-2022 22:24:57 Asia/Tokyo] PHP Notice:  Undefined variable: r in /home/users/1/kujirahand1914/web/n3s.nadesi.com/cache/mypage.html.php on line 82
[05-Jul-2022 22:24:57 Asia/Tokyo] PHP Notice:  Trying to access array offset on value of type null in /home/users/1/kujirahand1914/web/n3s.nadesi.com/cache/mypage.html.php on line 82
[05-Jul-2022 22:24:57 Asia/Tokyo] PHP Notice:  Undefined variable: r in /home/users/1/kujirahand1914/web/n3s.nadesi.com/cache/mypage.html.php on line 82
[05-Jul-2022 22:24:57 Asia/Tokyo] PHP Notice:  Trying to access array offset on value of type null in /home/users/1/kujirahand1914/web/n3s.nadesi.com/cache/mypage.html.php on line 82
[05-Jul-2022 22:24:57 Asia/Tokyo] PHP Notice:  Undefined variable: r in /home/users/1/kujirahand1914/web/n3s.nadesi.com/cache/mypage.html.php on line 82
[05-Jul-2022 22:24:57 Asia/Tokyo] PHP Notice:  Trying to access array offset on value of type null in /home/users/1/kujirahand1914/web/n3s.nadesi.com/cache/mypage.html.php on line 82
[05-Jul-2022 22:24:57 Asia/Tokyo] PHP Notice:  Undefined variable: r in /home/users/1/kujirahand1914/web/n3s.nadesi.com/cache/mypage.html.php on line 82
[05-Jul-2022 22:24:57 Asia/Tokyo] PHP Notice:  Trying to access array offset on value of type null in /home/users/1/kujirahand1914/web/n3s.nadesi.com/cache/mypage.html.php on line 82
[05-Jul-2022 22:24:57 Asia/Tokyo] PHP Notice:  Undefined variable: r in /home/users/1/kujirahand1914/web/n3s.nadesi.com/cache/mypage.html.php on line 82
[05-Jul-2022 22:24:57 Asia/Tokyo] PHP Notice:  Trying to access array offset on value of type null in /home/users/1/kujirahand1914/web/n3s.nadesi.com/cache/mypage.html.php on line 82
[05-Jul-2022 22:24:57 Asia/Tokyo] PHP Notice:  Undefined variable: r in /home/users/1/kujirahand1914/web/n3s.nadesi.com/cache/mypage.html.php on line 82
[05-Jul-2022 22:24:57 Asia/Tokyo] PHP Notice:  Trying to access array offset on value of type null in /home/users/1/kujirahand1914/web/n3s.nadesi.com/cache/mypage.html.php on line 82
[05-Jul-2022 22:24:57 Asia/Tokyo] PHP Notice:  Undefined variable: r in /home/users/1/kujirahand1914/web/n3s.nadesi.com/cache/mypage.html.php on line 82
[05-Jul-2022 22:24:57 Asia/Tokyo] PHP Notice:  Trying to access array offset on value of type null in /home/users/1/kujirahand1914/web/n3s.nadesi.com/cache/mypage.html.php on line 82
[05-Jul-2022 22:24:57 Asia/Tokyo] PHP Notice:  Undefined variable: r in /home/users/1/kujirahand1914/web/n3s.nadesi.com/cache/mypage.html.php on line 82
[05-Jul-2022 22:24:57 Asia/Tokyo] PHP Notice:  Trying to access array offset on value of type null in /home/users/1/kujirahand1914/web/n3s.nadesi.com/cache/mypage.html.php on line 82
[07-Jul-2022 14:37:38 Asia/Tokyo] PHP Notice:  Undefined variable: r in /home/users/1/kujirahand1914/web/n3s.nadesi.com/cache/mypage.html.php on line 82
[07-Jul-2022 14:37:38 Asia/Tokyo] PHP Notice:  Trying to access array offset on value of type null in /home/users/1/kujirahand1914/web/n3s.nadesi.com/cache/mypage.html.php on line 82
[07-Jul-2022 14:38:47 Asia/Tokyo] PHP Notice:  Undefined variable: r in /home/users/1/kujirahand1914/web/n3s.nadesi.com/cache/mypage.html.php on line 82
[07-Jul-2022 14:38:47 Asia/Tokyo] PHP Notice:  Trying to access array offset on value of type null in /home/users/1/kujirahand1914/web/n3s.nadesi.com/cache/mypage.html.php on line 82
[07-Jul-2022 16:30:01 Asia/Tokyo] PHP Notice:  Undefined variable: r in /home/users/1/kujirahand1914/web/n3s.nadesi.com/cache/mypage.html.php on line 82
[07-Jul-2022 16:30:01 Asia/Tokyo] PHP Notice:  Trying to access array offset on value of type null in /home/users/1/kujirahand1914/web/n3s.nadesi.com/cache/mypage.html.php on line 82
[07-Jul-2022 16:45:30 Asia/Tokyo] PHP Notice:  Undefined variable: r in /home/users/1/kujirahand1914/web/n3s.nadesi.com/cache/mypage.html.php on line 82
[07-Jul-2022 16:45:30 Asia/Tokyo] PHP Notice:  Trying to access array offset on value of type null in /home/users/1/kujirahand1914/web/n3s.nadesi.com/cache/mypage.html.php on line 82
[07-Jul-2022 16:45:37 Asia/Tokyo] PHP Notice:  Undefined variable: r in /home/users/1/kujirahand1914/web/n3s.nadesi.com/cache/mypage.html.php on line 82
[07-Jul-2022 16:45:37 Asia/Tokyo] PHP Notice:  Trying to access array offset on value of type null in /home/users/1/kujirahand1914/web/n3s.nadesi.com/cache/mypage.html.php on line 82
[07-Jul-2022 20:02:20 Asia/Tokyo] PHP Notice:  Undefined variable: r in /home/users/1/kujirahand1914/web/n3s.nadesi.com/cache/mypage.html.php on line 82
[07-Jul-2022 20:02:20 Asia/Tokyo] PHP Notice:  Trying to access array offset on value of type null in /home/users/1/kujirahand1914/web/n3s.nadesi.com/cache/mypage.html.php on line 82
[07-Jul-2022 23:33:54 Asia/Tokyo] PHP Notice:  Undefined variable: r in /home/users/1/kujirahand1914/web/n3s.nadesi.com/cache/mypage.html.php on line 82
[07-Jul-2022 23:33:54 Asia/Tokyo] PHP Notice:  Trying to access array offset on value of type null in /home/users/1/kujirahand1914/web/n3s.nadesi.com/cache/mypage.html.php on line 82
[07-Jul-2022 23:33:54 Asia/Tokyo] PHP Notice:  Undefined variable: r in /home/users/1/kujirahand1914/web/n3s.nadesi.com/cache/mypage.html.php on line 82
[07-Jul-2022 23:33:54 Asia/Tokyo] PHP Notice:  Trying to access array offset on value of type null in /home/users/1/kujirahand1914/web/n3s.nadesi.com/cache/mypage.html.php on line 82
[07-Jul-2022 23:33:54 Asia/Tokyo] PHP Notice:  Undefined variable: r in /home/users/1/kujirahand1914/web/n3s.nadesi.com/cache/mypage.html.php on line 82
[07-Jul-2022 23:33:54 Asia/Tokyo] PHP Notice:  Trying to access array offset on value of type null in /home/users/1/kujirahand1914/web/n3s.nadesi.com/cache/mypage.html.php on line 82
[08-Jul-2022 00:38:13 Asia/Tokyo] PHP Notice:  Undefined variable: r in /home/users/1/kujirahand1914/web/n3s.nadesi.com/cache/mypage.html.php on line 82
[08-Jul-2022 00:38:13 Asia/Tokyo] PHP Notice:  Trying to access array offset on value of type null in /home/users/1/kujirahand1914/web/n3s.nadesi.com/cache/mypage.html.php on line 82
[08-Jul-2022 00:38:13 Asia/Tokyo] PHP Notice:  Undefined variable: r in /home/users/1/kujirahand1914/web/n3s.nadesi.com/cache/mypage.html.php on line 82
[08-Jul-2022 00:38:13 Asia/Tokyo] PHP Notice:  Trying to access array offset on value of type null in /home/users/1/kujirahand1914/web/n3s.nadesi.com/cache/mypage.html.php on line 82
[08-Jul-2022 13:57:30 Asia/Tokyo] PHP Notice:  Undefined variable: r in /home/users/1/kujirahand1914/web/n3s.nadesi.com/cache/mypage.html.php on line 82
[08-Jul-2022 13:57:30 Asia/Tokyo] PHP Notice:  Trying to access array offset on value of type null in /home/users/1/kujirahand1914/web/n3s.nadesi.com/cache/mypage.html.php on line 82
[08-Jul-2022 13:57:30 Asia/Tokyo] PHP Notice:  Undefined variable: r in /home/users/1/kujirahand1914/web/n3s.nadesi.com/cache/mypage.html.php on line 82
[08-Jul-2022 13:57:30 Asia/Tokyo] PHP Notice:  Trying to access array offset on value of type null in /home/users/1/kujirahand1914/web/n3s.nadesi.com/cache/mypage.html.php on line 82
[08-Jul-2022 13:59:12 Asia/Tokyo] PHP Notice:  Undefined variable: r in /home/users/1/kujirahand1914/web/n3s.nadesi.com/cache/mypage.html.php on line 82
[08-Jul-2022 13:59:12 Asia/Tokyo] PHP Notice:  Trying to access array offset on value of type null in /home/users/1/kujirahand1914/web/n3s.nadesi.com/cache/mypage.html.php on line 82
[08-Jul-2022 13:59:12 Asia/Tokyo] PHP Notice:  Undefined variable: r in /home/users/1/kujirahand1914/web/n3s.nadesi.com/cache/mypage.html.php on line 82
[08-Jul-2022 13:59:12 Asia/Tokyo] PHP Notice:  Trying to access array offset on value of type null in /home/users/1/kujirahand1914/web/n3s.nadesi.com/cache/mypage.html.php on line 82
[08-Jul-2022 13:59:21 Asia/Tokyo] PHP Notice:  Undefined variable: r in /home/users/1/kujirahand1914/web/n3s.nadesi.com/cache/mypage.html.php on line 82
[08-Jul-2022 13:59:21 Asia/Tokyo] PHP Notice:  Trying to access array offset on value of type null in /home/users/1/kujirahand1914/web/n3s.nadesi.com/cache/mypage.html.php on line 82
[08-Jul-2022 13:59:21 Asia/Tokyo] PHP Notice:  Undefined variable: r in /home/users/1/kujirahand1914/web/n3s.nadesi.com/cache/mypage.html.php on line 82
[08-Jul-2022 13:59:21 Asia/Tokyo] PHP Notice:  Trying to access array offset on value of type null in /home/users/1/kujirahand1914/web/n3s.nadesi.com/cache/mypage.html.php on line 82
[09-Jul-2022 22:12:48 Asia/Tokyo] PHP Notice:  Undefined variable: r in /home/users/1/kujirahand1914/web/n3s.nadesi.com/cache/mypage.html.php on line 82
[09-Jul-2022 22:12:48 Asia/Tokyo] PHP Notice:  Trying to access array offset on value of type null in /home/users/1/kujirahand1914/web/n3s.nadesi.com/cache/mypage.html.php on line 82
[09-Jul-2022 23:11:49 Asia/Tokyo] PHP Notice:  Undefined variable: r in /home/users/1/kujirahand1914/web/n3s.nadesi.com/cache/mypage.html.php on line 82
[09-Jul-2022 23:11:49 Asia/Tokyo] PHP Notice:  Trying to access array offset on value of type null in /home/users/1/kujirahand1914/web/n3s.nadesi.com/cache/mypage.html.php on line 82
[09-Jul-2022 23:11:49 Asia/Tokyo] PHP Notice:  Undefined variable: r in /home/users/1/kujirahand1914/web/n3s.nadesi.com/cache/mypage.html.php on line 82
[09-Jul-2022 23:11:49 Asia/Tokyo] PHP Notice:  Trying to access array offset on value of type null in /home/users/1/kujirahand1914/web/n3s.nadesi.com/cache/mypage.html.php on line 82
[09-Jul-2022 23:13:14 Asia/Tokyo] PHP Notice:  Undefined variable: r in /home/users/1/kujirahand1914/web/n3s.nadesi.com/cache/mypage.html.php on line 82
[09-Jul-2022 23:13:14 Asia/Tokyo] PHP Notice:  Trying to access array offset on value of type null in /home/users/1/kujirahand1914/web/n3s.nadesi.com/cache/mypage.html.php on line 82
[09-Jul-2022 23:13:14 Asia/Tokyo] PHP Notice:  Undefined variable: r in /home/users/1/kujirahand1914/web/n3s.nadesi.com/cache/mypage.html.php on line 82
[09-Jul-2022 23:13:14 Asia/Tokyo] PHP Notice:  Trying to access array offset on value of type null in /home/users/1/kujirahand1914/web/n3s.nadesi.com/cache/mypage.html.php on line 82
[10-Jul-2022 01:17:06 Asia/Tokyo] PHP Notice:  Undefined variable: r in /home/users/1/kujirahand1914/web/n3s.nadesi.com/cache/mypage.html.php on line 82
[10-Jul-2022 01:17:06 Asia/Tokyo] PHP Notice:  Trying to access array offset on value of type null in /home/users/1/kujirahand1914/web/n3s.nadesi.com/cache/mypage.html.php on line 82
[10-Jul-2022 01:17:06 Asia/Tokyo] PHP Notice:  Undefined variable: r in /home/users/1/kujirahand1914/web/n3s.nadesi.com/cache/mypage.html.php on line 82
[10-Jul-2022 01:17:06 Asia/Tokyo] PHP Notice:  Trying to access array offset on value of type null in /home/users/1/kujirahand1914/web/n3s.nadesi.com/cache/mypage.html.php on line 82
[10-Jul-2022 01:17:15 Asia/Tokyo] PHP Notice:  Undefined variable: r in /home/users/1/kujirahand1914/web/n3s.nadesi.com/cache/mypage.html.php on line 82
[10-Jul-2022 01:17:15 Asia/Tokyo] PHP Notice:  Trying to access array offset on value of type null in /home/users/1/kujirahand1914/web/n3s.nadesi.com/cache/mypage.html.php on line 82
[10-Jul-2022 01:18:21 Asia/Tokyo] PHP Notice:  Undefined variable: r in /home/users/1/kujirahand1914/web/n3s.nadesi.com/cache/mypage.html.php on line 82
[10-Jul-2022 01:18:21 Asia/Tokyo] PHP Notice:  Trying to access array offset on value of type null in /home/users/1/kujirahand1914/web/n3s.nadesi.com/cache/mypage.html.php on line 82
[10-Jul-2022 01:22:19 Asia/Tokyo] PHP Notice:  Undefined variable: r in /home/users/1/kujirahand1914/web/n3s.nadesi.com/cache/mypage.html.php on line 82
[10-Jul-2022 01:22:19 Asia/Tokyo] PHP Notice:  Trying to access array offset on value of type null in /home/users/1/kujirahand1914/web/n3s.nadesi.com/cache/mypage.html.php on line 82
[10-Jul-2022 01:23:25 Asia/Tokyo] PHP Notice:  Undefined variable: r in /home/users/1/kujirahand1914/web/n3s.nadesi.com/cache/mypage.html.php on line 82
[10-Jul-2022 01:23:25 Asia/Tokyo] PHP Notice:  Trying to access array offset on value of type null in /home/users/1/kujirahand1914/web/n3s.nadesi.com/cache/mypage.html.php on line 82
[10-Jul-2022 01:24:01 Asia/Tokyo] PHP Notice:  Undefined variable: r in /home/users/1/kujirahand1914/web/n3s.nadesi.com/cache/mypage.html.php on line 82
[10-Jul-2022 01:24:01 Asia/Tokyo] PHP Notice:  Trying to access array offset on value of type null in /home/users/1/kujirahand1914/web/n3s.nadesi.com/cache/mypage.html.php on line 82
[10-Jul-2022 01:37:54 Asia/Tokyo] PHP Notice:  Undefined variable: r in /home/users/1/kujirahand1914/web/n3s.nadesi.com/cache/mypage.html.php on line 82
[10-Jul-2022 01:37:54 Asia/Tokyo] PHP Notice:  Trying to access array offset on value of type null in /home/users/1/kujirahand1914/web/n3s.nadesi.com/cache/mypage.html.php on line 82
[10-Jul-2022 01:39:21 Asia/Tokyo] PHP Notice:  Undefined variable: r in /home/users/1/kujirahand1914/web/n3s.nadesi.com/cache/mypage.html.php on line 82
[10-Jul-2022 01:39:21 Asia/Tokyo] PHP Notice:  Trying to access array offset on value of type null in /home/users/1/kujirahand1914/web/n3s.nadesi.com/cache/mypage.html.php on line 82
[10-Jul-2022 11:41:30 Asia/Tokyo] PHP Notice:  Undefined variable: r in /home/users/1/kujirahand1914/web/n3s.nadesi.com/cache/mypage.html.php on line 82
[10-Jul-2022 11:41:30 Asia/Tokyo] PHP Notice:  Trying to access array offset on value of type null in /home/users/1/kujirahand1914/web/n3s.nadesi.com/cache/mypage.html.php on line 82
[10-Jul-2022 12:03:11 Asia/Tokyo] PHP Notice:  Undefined variable: r in /home/users/1/kujirahand1914/web/n3s.nadesi.com/cache/mypage.html.php on line 82
[10-Jul-2022 12:03:11 Asia/Tokyo] PHP Notice:  Trying to access array offset on value of type null in /home/users/1/kujirahand1914/web/n3s.nadesi.com/cache/mypage.html.php on line 82
[10-Jul-2022 12:03:36 Asia/Tokyo] PHP Notice:  Undefined variable: r in /home/users/1/kujirahand1914/web/n3s.nadesi.com/cache/mypage.html.php on line 82
[10-Jul-2022 12:03:36 Asia/Tokyo] PHP Notice:  Trying to access array offset on value of type null in /home/users/1/kujirahand1914/web/n3s.nadesi.com/cache/mypage.html.php on line 82
[10-Jul-2022 12:03:36 Asia/Tokyo] PHP Notice:  Undefined variable: r in /home/users/1/kujirahand1914/web/n3s.nadesi.com/cache/mypage.html.php on line 82
[10-Jul-2022 12:03:36 Asia/Tokyo] PHP Notice:  Trying to access array offset on value of type null in /home/users/1/kujirahand1914/web/n3s.nadesi.com/cache/mypage.html.php on line 82
[10-Jul-2022 12:04:04 Asia/Tokyo] PHP Notice:  Undefined variable: r in /home/users/1/kujirahand1914/web/n3s.nadesi.com/cache/mypage.html.php on line 82
[10-Jul-2022 12:04:04 Asia/Tokyo] PHP Notice:  Trying to access array offset on value of type null in /home/users/1/kujirahand1914/web/n3s.nadesi.com/cache/mypage.html.php on line 82
[10-Jul-2022 12:04:04 Asia/Tokyo] PHP Notice:  Undefined variable: r in /home/users/1/kujirahand1914/web/n3s.nadesi.com/cache/mypage.html.php on line 82
[10-Jul-2022 12:04:04 Asia/Tokyo] PHP Notice:  Trying to access array offset on value of type null in /home/users/1/kujirahand1914/web/n3s.nadesi.com/cache/mypage.html.php on line 82
[10-Jul-2022 13:24:55 Asia/Tokyo] PHP Notice:  Undefined variable: r in /home/users/1/kujirahand1914/web/n3s.nadesi.com/cache/mypage.html.php on line 82
[10-Jul-2022 13:24:55 Asia/Tokyo] PHP Notice:  Trying to access array offset on value of type null in /home/users/1/kujirahand1914/web/n3s.nadesi.com/cache/mypage.html.php on line 82
[10-Jul-2022 14:19:48 Asia/Tokyo] PHP Notice:  Undefined variable: r in /home/users/1/kujirahand1914/web/n3s.nadesi.com/cache/mypage.html.php on line 82
[10-Jul-2022 14:19:48 Asia/Tokyo] PHP Notice:  Trying to access array offset on value of type null in /home/users/1/kujirahand1914/web/n3s.nadesi.com/cache/mypage.html.php on line 82
[10-Jul-2022 14:37:34 Asia/Tokyo] PHP Notice:  Undefined variable: r in /home/users/1/kujirahand1914/web/n3s.nadesi.com/cache/mypage.html.php on line 82
[10-Jul-2022 14:37:34 Asia/Tokyo] PHP Notice:  Trying to access array offset on value of type null in /home/users/1/kujirahand1914/web/n3s.nadesi.com/cache/mypage.html.php on line 82
[10-Jul-2022 15:59:40 Asia/Tokyo] PHP Notice:  Undefined variable: r in /home/users/1/kujirahand1914/web/n3s.nadesi.com/cache/mypage.html.php on line 82
[10-Jul-2022 15:59:40 Asia/Tokyo] PHP Notice:  Trying to access array offset on value of type null in /home/users/1/kujirahand1914/web/n3s.nadesi.com/cache/mypage.html.php on line 82
[10-Jul-2022 15:59:40 Asia/Tokyo] PHP Notice:  Undefined variable: r in /home/users/1/kujirahand1914/web/n3s.nadesi.com/cache/mypage.html.php on line 82
[10-Jul-2022 15:59:40 Asia/Tokyo] PHP Notice:  Trying to access array offset on value of type null in /home/users/1/kujirahand1914/web/n3s.nadesi.com/cache/mypage.html.php on line 82
[10-Jul-2022 15:59:40 Asia/Tokyo] PHP Notice:  Undefined variable: r in /home/users/1/kujirahand1914/web/n3s.nadesi.com/cache/mypage.html.php on line 82
[10-Jul-2022 15:59:40 Asia/Tokyo] PHP Notice:  Trying to access array offset on value of type null in /home/users/1/kujirahand1914/web/n3s.nadesi.com/cache/mypage.html.php on line 82
[10-Jul-2022 17:21:07 Asia/Tokyo] PHP Notice:  Undefined variable: r in /home/users/1/kujirahand1914/web/n3s.nadesi.com/cache/mypage.html.php on line 82
[10-Jul-2022 17:21:07 Asia/Tokyo] PHP Notice:  Trying to access array offset on value of type null in /home/users/1/kujirahand1914/web/n3s.nadesi.com/cache/mypage.html.php on line 82
[10-Jul-2022 17:21:07 Asia/Tokyo] PHP Notice:  Undefined variable: r in /home/users/1/kujirahand1914/web/n3s.nadesi.com/cache/mypage.html.php on line 82
[10-Jul-2022 17:21:07 Asia/Tokyo] PHP Notice:  Trying to access array offset on value of type null in /home/users/1/kujirahand1914/web/n3s.nadesi.com/cache/mypage.html.php on line 82
[10-Jul-2022 17:39:33 Asia/Tokyo] PHP Notice:  Undefined variable: r in /home/users/1/kujirahand1914/web/n3s.nadesi.com/cache/mypage.html.php on line 82
[10-Jul-2022 17:39:33 Asia/Tokyo] PHP Notice:  Trying to access array offset on value of type null in /home/users/1/kujirahand1914/web/n3s.nadesi.com/cache/mypage.html.php on line 82
[10-Jul-2022 18:54:05 Asia/Tokyo] PHP Notice:  Undefined variable: r in /home/users/1/kujirahand1914/web/n3s.nadesi.com/cache/mypage.html.php on line 82
[10-Jul-2022 18:54:05 Asia/Tokyo] PHP Notice:  Trying to access array offset on value of type null in /home/users/1/kujirahand1914/web/n3s.nadesi.com/cache/mypage.html.php on line 82
[10-Jul-2022 18:54:05 Asia/Tokyo] PHP Notice:  Undefined variable: r in /home/users/1/kujirahand1914/web/n3s.nadesi.com/cache/mypage.html.php on line 82
[10-Jul-2022 18:54:05 Asia/Tokyo] PHP Notice:  Trying to access array offset on value of type null in /home/users/1/kujirahand1914/web/n3s.nadesi.com/cache/mypage.html.php on line 82
[10-Jul-2022 21:00:10 Asia/Tokyo] PHP Notice:  Undefined variable: r in /home/users/1/kujirahand1914/web/n3s.nadesi.com/cache/mypage.html.php on line 82
[10-Jul-2022 21:00:10 Asia/Tokyo] PHP Notice:  Trying to access array offset on value of type null in /home/users/1/kujirahand1914/web/n3s.nadesi.com/cache/mypage.html.php on line 82
[10-Jul-2022 21:00:10 Asia/Tokyo] PHP Notice:  Undefined variable: r in /home/users/1/kujirahand1914/web/n3s.nadesi.com/cache/mypage.html.php on line 82
[10-Jul-2022 21:00:10 Asia/Tokyo] PHP Notice:  Trying to access array offset on value of type null in /home/users/1/kujirahand1914/web/n3s.nadesi.com/cache/mypage.html.php on line 82
[10-Jul-2022 21:00:10 Asia/Tokyo] PHP Notice:  Undefined variable: r in /home/users/1/kujirahand1914/web/n3s.nadesi.com/cache/mypage.html.php on line 82
[10-Jul-2022 21:00:10 Asia/Tokyo] PHP Notice:  Trying to access array offset on value of type null in /home/users/1/kujirahand1914/web/n3s.nadesi.com/cache/mypage.html.php on line 82
[10-Jul-2022 21:00:26 Asia/Tokyo] PHP Notice:  Undefined variable: r in /home/users/1/kujirahand1914/web/n3s.nadesi.com/cache/mypage.html.php on line 82
[10-Jul-2022 21:00:26 Asia/Tokyo] PHP Notice:  Trying to access array offset on value of type null in /home/users/1/kujirahand1914/web/n3s.nadesi.com/cache/mypage.html.php on line 82
[10-Jul-2022 21:00:26 Asia/Tokyo] PHP Notice:  Undefined variable: r in /home/users/1/kujirahand1914/web/n3s.nadesi.com/cache/mypage.html.php on line 82
[10-Jul-2022 21:00:26 Asia/Tokyo] PHP Notice:  Trying to access array offset on value of type null in /home/users/1/kujirahand1914/web/n3s.nadesi.com/cache/mypage.html.php on line 82
[10-Jul-2022 22:09:22 Asia/Tokyo] PHP Notice:  Undefined variable: r in /home/users/1/kujirahand1914/web/n3s.nadesi.com/cache/mypage.html.php on line 82
[10-Jul-2022 22:09:22 Asia/Tokyo] PHP Notice:  Trying to access array offset on value of type null in /home/users/1/kujirahand1914/web/n3s.nadesi.com/cache/mypage.html.php on line 82
[10-Jul-2022 22:09:22 Asia/Tokyo] PHP Notice:  Undefined variable: r in /home/users/1/kujirahand1914/web/n3s.nadesi.com/cache/mypage.html.php on line 82
[10-Jul-2022 22:09:22 Asia/Tokyo] PHP Notice:  Trying to access array offset on value of type null in /home/users/1/kujirahand1914/web/n3s.nadesi.com/cache/mypage.html.php on line 82
[10-Jul-2022 22:09:22 Asia/Tokyo] PHP Notice:  Undefined variable: r in /home/users/1/kujirahand1914/web/n3s.nadesi.com/cache/mypage.html.php on line 82
[10-Jul-2022 22:09:22 Asia/Tokyo] PHP Notice:  Trying to access array offset on value of type null in /home/users/1/kujirahand1914/web/n3s.nadesi.com/cache/mypage.html.php on line 82
[10-Jul-2022 22:09:44 Asia/Tokyo] PHP Notice:  Undefined variable: r in /home/users/1/kujirahand1914/web/n3s.nadesi.com/cache/mypage.html.php on line 82
[10-Jul-2022 22:09:44 Asia/Tokyo] PHP Notice:  Trying to access array offset on value of type null in /home/users/1/kujirahand1914/web/n3s.nadesi.com/cache/mypage.html.php on line 82
[10-Jul-2022 22:09:44 Asia/Tokyo] PHP Notice:  Undefined variable: r in /home/users/1/kujirahand1914/web/n3s.nadesi.com/cache/mypage.html.php on line 82
[10-Jul-2022 22:09:44 Asia/Tokyo] PHP Notice:  Trying to access array offset on value of type null in /home/users/1/kujirahand1914/web/n3s.nadesi.com/cache/mypage.html.php on line 82
[10-Jul-2022 22:09:44 Asia/Tokyo] PHP Notice:  Undefined variable: r in /home/users/1/kujirahand1914/web/n3s.nadesi.com/cache/mypage.html.php on line 82
[10-Jul-2022 22:09:44 Asia/Tokyo] PHP Notice:  Trying to access array offset on value of type null in /home/users/1/kujirahand1914/web/n3s.nadesi.com/cache/mypage.html.php on line 82
[10-Jul-2022 22:09:51 Asia/Tokyo] PHP Notice:  Undefined variable: r in /home/users/1/kujirahand1914/web/n3s.nadesi.com/cache/mypage.html.php on line 82
[10-Jul-2022 22:09:51 Asia/Tokyo] PHP Notice:  Trying to access array offset on value of type null in /home/users/1/kujirahand1914/web/n3s.nadesi.com/cache/mypage.html.php on line 82
[10-Jul-2022 22:09:51 Asia/Tokyo] PHP Notice:  Undefined variable: r in /home/users/1/kujirahand1914/web/n3s.nadesi.com/cache/mypage.html.php on line 82
[10-Jul-2022 22:09:51 Asia/Tokyo] PHP Notice:  Trying to access array offset on value of type null in /home/users/1/kujirahand1914/web/n3s.nadesi.com/cache/mypage.html.php on line 82
[10-Jul-2022 22:11:57 Asia/Tokyo] PHP Notice:  Undefined variable: r in /home/users/1/kujirahand1914/web/n3s.nadesi.com/cache/mypage.html.php on line 82
[10-Jul-2022 22:11:57 Asia/Tokyo] PHP Notice:  Trying to access array offset on value of type null in /home/users/1/kujirahand1914/web/n3s.nadesi.com/cache/mypage.html.php on line 82
[10-Jul-2022 22:11:57 Asia/Tokyo] PHP Notice:  Undefined variable: r in /home/users/1/kujirahand1914/web/n3s.nadesi.com/cache/mypage.html.php on line 82
[10-Jul-2022 22:11:57 Asia/Tokyo] PHP Notice:  Trying to access array offset on value of type null in /home/users/1/kujirahand1914/web/n3s.nadesi.com/cache/mypage.html.php on line 82
[10-Jul-2022 22:22:12 Asia/Tokyo] PHP Notice:  Undefined variable: r in /home/users/1/kujirahand1914/web/n3s.nadesi.com/cache/mypage.html.php on line 82
[10-Jul-2022 22:22:12 Asia/Tokyo] PHP Notice:  Trying to access array offset on value of type null in /home/users/1/kujirahand1914/web/n3s.nadesi.com/cache/mypage.html.php on line 82
[10-Jul-2022 22:22:12 Asia/Tokyo] PHP Notice:  Undefined variable: r in /home/users/1/kujirahand1914/web/n3s.nadesi.com/cache/mypage.html.php on line 82
[10-Jul-2022 22:22:12 Asia/Tokyo] PHP Notice:  Trying to access array offset on value of type null in /home/users/1/kujirahand1914/web/n3s.nadesi.com/cache/mypage.html.php on line 82
[10-Jul-2022 22:22:12 Asia/Tokyo] PHP Notice:  Undefined variable: r in /home/users/1/kujirahand1914/web/n3s.nadesi.com/cache/mypage.html.php on line 82
[10-Jul-2022 22:22:12 Asia/Tokyo] PHP Notice:  Trying to access array offset on value of type null in /home/users/1/kujirahand1914/web/n3s.nadesi.com/cache/mypage.html.php on line 82
[11-Jul-2022 01:12:24 Asia/Tokyo] PHP Notice:  Undefined variable: r in /home/users/1/kujirahand1914/web/n3s.nadesi.com/cache/mypage.html.php on line 82
[11-Jul-2022 01:12:24 Asia/Tokyo] PHP Notice:  Trying to access array offset on value of type null in /home/users/1/kujirahand1914/web/n3s.nadesi.com/cache/mypage.html.php on line 82
[11-Jul-2022 01:12:24 Asia/Tokyo] PHP Notice:  Undefined variable: r in /home/users/1/kujirahand1914/web/n3s.nadesi.com/cache/mypage.html.php on line 82
[11-Jul-2022 01:12:24 Asia/Tokyo] PHP Notice:  Trying to access array offset on value of type null in /home/users/1/kujirahand1914/web/n3s.nadesi.com/cache/mypage.html.php on line 82
[11-Jul-2022 01:12:58 Asia/Tokyo] PHP Notice:  Undefined variable: r in /home/users/1/kujirahand1914/web/n3s.nadesi.com/cache/mypage.html.php on line 82
[11-Jul-2022 01:12:58 Asia/Tokyo] PHP Notice:  Trying to access array offset on value of type null in /home/users/1/kujirahand1914/web/n3s.nadesi.com/cache/mypage.html.php on line 82
[11-Jul-2022 01:12:58 Asia/Tokyo] PHP Notice:  Undefined variable: r in /home/users/1/kujirahand1914/web/n3s.nadesi.com/cache/mypage.html.php on line 82
[11-Jul-2022 01:12:58 Asia/Tokyo] PHP Notice:  Trying to access array offset on value of type null in /home/users/1/kujirahand1914/web/n3s.nadesi.com/cache/mypage.html.php on line 82
[11-Jul-2022 10:54:33 Asia/Tokyo] PHP Notice:  Undefined variable: r in /home/users/1/kujirahand1914/web/n3s.nadesi.com/cache/mypage.html.php on line 82
[11-Jul-2022 10:54:33 Asia/Tokyo] PHP Notice:  Trying to access array offset on value of type null in /home/users/1/kujirahand1914/web/n3s.nadesi.com/cache/mypage.html.php on line 82
[11-Jul-2022 10:54:33 Asia/Tokyo] PHP Notice:  Undefined variable: r in /home/users/1/kujirahand1914/web/n3s.nadesi.com/cache/mypage.html.php on line 82
[11-Jul-2022 10:54:33 Asia/Tokyo] PHP Notice:  Trying to access array offset on value of type null in /home/users/1/kujirahand1914/web/n3s.nadesi.com/cache/mypage.html.php on line 82
[11-Jul-2022 10:55:03 Asia/Tokyo] PHP Notice:  Undefined variable: r in /home/users/1/kujirahand1914/web/n3s.nadesi.com/cache/mypage.html.php on line 82
[11-Jul-2022 10:55:03 Asia/Tokyo] PHP Notice:  Trying to access array offset on value of type null in /home/users/1/kujirahand1914/web/n3s.nadesi.com/cache/mypage.html.php on line 82
[11-Jul-2022 10:55:03 Asia/Tokyo] PHP Notice:  Undefined variable: r in /home/users/1/kujirahand1914/web/n3s.nadesi.com/cache/mypage.html.php on line 82
[11-Jul-2022 10:55:03 Asia/Tokyo] PHP Notice:  Trying to access array offset on value of type null in /home/users/1/kujirahand1914/web/n3s.nadesi.com/cache/mypage.html.php on line 82
[11-Jul-2022 10:55:16 Asia/Tokyo] PHP Notice:  Undefined variable: r in /home/users/1/kujirahand1914/web/n3s.nadesi.com/cache/mypage.html.php on line 82
[11-Jul-2022 10:55:16 Asia/Tokyo] PHP Notice:  Trying to access array offset on value of type null in /home/users/1/kujirahand1914/web/n3s.nadesi.com/cache/mypage.html.php on line 82
[11-Jul-2022 10:55:16 Asia/Tokyo] PHP Notice:  Undefined variable: r in /home/users/1/kujirahand1914/web/n3s.nadesi.com/cache/mypage.html.php on line 82
[11-Jul-2022 10:55:16 Asia/Tokyo] PHP Notice:  Trying to access array offset on value of type null in /home/users/1/kujirahand1914/web/n3s.nadesi.com/cache/mypage.html.php on line 82
[11-Jul-2022 10:55:21 Asia/Tokyo] PHP Notice:  Undefined variable: r in /home/users/1/kujirahand1914/web/n3s.nadesi.com/cache/mypage.html.php on line 82
[11-Jul-2022 10:55:21 Asia/Tokyo] PHP Notice:  Trying to access array offset on value of type null in /home/users/1/kujirahand1914/web/n3s.nadesi.com/cache/mypage.html.php on line 82
[11-Jul-2022 10:55:21 Asia/Tokyo] PHP Notice:  Undefined variable: r in /home/users/1/kujirahand1914/web/n3s.nadesi.com/cache/mypage.html.php on line 82
[11-Jul-2022 10:55:21 Asia/Tokyo] PHP Notice:  Trying to access array offset on value of type null in /home/users/1/kujirahand1914/web/n3s.nadesi.com/cache/mypage.html.php on line 82
[11-Jul-2022 11:39:53 Asia/Tokyo] PHP Notice:  Undefined variable: r in /home/users/1/kujirahand1914/web/n3s.nadesi.com/cache/mypage.html.php on line 82
[11-Jul-2022 11:39:53 Asia/Tokyo] PHP Notice:  Trying to access array offset on value of type null in /home/users/1/kujirahand1914/web/n3s.nadesi.com/cache/mypage.html.php on line 82
[11-Jul-2022 11:39:53 Asia/Tokyo] PHP Notice:  Undefined variable: r in /home/users/1/kujirahand1914/web/n3s.nadesi.com/cache/mypage.html.php on line 82
[11-Jul-2022 11:39:53 Asia/Tokyo] PHP Notice:  Trying to access array offset on value of type null in /home/users/1/kujirahand1914/web/n3s.nadesi.com/cache/mypage.html.php on line 82
[11-Jul-2022 11:39:53 Asia/Tokyo] PHP Notice:  Undefined variable: r in /home/users/1/kujirahand1914/web/n3s.nadesi.com/cache/mypage.html.php on line 82
[11-Jul-2022 11:39:53 Asia/Tokyo] PHP Notice:  Trying to access array offset on value of type null in /home/users/1/kujirahand1914/web/n3s.nadesi.com/cache/mypage.html.php on line 82
[11-Jul-2022 11:41:36 Asia/Tokyo] PHP Notice:  Undefined variable: r in /home/users/1/kujirahand1914/web/n3s.nadesi.com/cache/mypage.html.php on line 82
[11-Jul-2022 11:41:36 Asia/Tokyo] PHP Notice:  Trying to access array offset on value of type null in /home/users/1/kujirahand1914/web/n3s.nadesi.com/cache/mypage.html.php on line 82
[11-Jul-2022 11:41:36 Asia/Tokyo] PHP Notice:  Undefined variable: r in /home/users/1/kujirahand1914/web/n3s.nadesi.com/cache/mypage.html.php on line 82
[11-Jul-2022 11:41:36 Asia/Tokyo] PHP Notice:  Trying to access array offset on value of type null in /home/users/1/kujirahand1914/web/n3s.nadesi.com/cache/mypage.html.php on line 82
[11-Jul-2022 11:41:36 Asia/Tokyo] PHP Notice:  Undefined variable: r in /home/users/1/kujirahand1914/web/n3s.nadesi.com/cache/mypage.html.php on line 82
[11-Jul-2022 11:41:36 Asia/Tokyo] PHP Notice:  Trying to access array offset on value of type null in /home/users/1/kujirahand1914/web/n3s.nadesi.com/cache/mypage.html.php on line 82
[11-Jul-2022 11:41:36 Asia/Tokyo] PHP Notice:  Undefined variable: r in /home/users/1/kujirahand1914/web/n3s.nadesi.com/cache/mypage.html.php on line 82
[11-Jul-2022 11:41:36 Asia/Tokyo] PHP Notice:  Trying to access array offset on value of type null in /home/users/1/kujirahand1914/web/n3s.nadesi.com/cache/mypage.html.php on line 82
[11-Jul-2022 18:53:54 Asia/Tokyo] PHP Notice:  Undefined variable: r in /home/users/1/kujirahand1914/web/n3s.nadesi.com/cache/mypage.html.php on line 82
[11-Jul-2022 18:53:54 Asia/Tokyo] PHP Notice:  Trying to access array offset on value of type null in /home/users/1/kujirahand1914/web/n3s.nadesi.com/cache/mypage.html.php on line 82
[11-Jul-2022 18:54:05 Asia/Tokyo] PHP Notice:  Undefined variable: r in /home/users/1/kujirahand1914/web/n3s.nadesi.com/cache/mypage.html.php on line 82
[11-Jul-2022 18:54:05 Asia/Tokyo] PHP Notice:  Trying to access array offset on value of type null in /home/users/1/kujirahand1914/web/n3s.nadesi.com/cache/mypage.html.php on line 82
[11-Jul-2022 19:01:55 Asia/Tokyo] PHP Notice:  Undefined variable: r in /home/users/1/kujirahand1914/web/n3s.nadesi.com/cache/mypage.html.php on line 82
[11-Jul-2022 19:01:55 Asia/Tokyo] PHP Notice:  Trying to access array offset on value of type null in /home/users/1/kujirahand1914/web/n3s.nadesi.com/cache/mypage.html.php on line 82
[12-Jul-2022 01:10:13 Asia/Tokyo] PHP Notice:  Undefined variable: r in /home/users/1/kujirahand1914/web/n3s.nadesi.com/cache/mypage.html.php on line 82
[12-Jul-2022 01:10:13 Asia/Tokyo] PHP Notice:  Trying to access array offset on value of type null in /home/users/1/kujirahand1914/web/n3s.nadesi.com/cache/mypage.html.php on line 82
[12-Jul-2022 01:10:13 Asia/Tokyo] PHP Notice:  Undefined variable: r in /home/users/1/kujirahand1914/web/n3s.nadesi.com/cache/mypage.html.php on line 82
[12-Jul-2022 01:10:13 Asia/Tokyo] PHP Notice:  Trying to access array offset on value of type null in /home/users/1/kujirahand1914/web/n3s.nadesi.com/cache/mypage.html.php on line 82
[12-Jul-2022 01:10:13 Asia/Tokyo] PHP Notice:  Undefined variable: r in /home/users/1/kujirahand1914/web/n3s.nadesi.com/cache/mypage.html.php on line 82
[12-Jul-2022 01:10:13 Asia/Tokyo] PHP Notice:  Trying to access array offset on value of type null in /home/users/1/kujirahand1914/web/n3s.nadesi.com/cache/mypage.html.php on line 82
[12-Jul-2022 01:10:13 Asia/Tokyo] PHP Notice:  Undefined variable: r in /home/users/1/kujirahand1914/web/n3s.nadesi.com/cache/mypage.html.php on line 82
[12-Jul-2022 01:10:13 Asia/Tokyo] PHP Notice:  Trying to access array offset on value of type null in /home/users/1/kujirahand1914/web/n3s.nadesi.com/cache/mypage.html.php on line 82
[14-Jul-2022 22:13:27 Asia/Tokyo] PHP Notice:  Undefined variable: r in /home/users/1/kujirahand1914/web/n3s.nadesi.com/cache/mypage.html.php on line 82
[14-Jul-2022 22:13:27 Asia/Tokyo] PHP Notice:  Trying to access array offset on value of type null in /home/users/1/kujirahand1914/web/n3s.nadesi.com/cache/mypage.html.php on line 82
[14-Jul-2022 22:13:27 Asia/Tokyo] PHP Notice:  Undefined variable: r in /home/users/1/kujirahand1914/web/n3s.nadesi.com/cache/mypage.html.php on line 82
[14-Jul-2022 22:13:27 Asia/Tokyo] PHP Notice:  Trying to access array offset on value of type null in /home/users/1/kujirahand1914/web/n3s.nadesi.com/cache/mypage.html.php on line 82
[23-Jul-2022 01:48:29 Asia/Tokyo] PHP Notice:  Undefined variable: r in /home/users/1/kujirahand1914/web/n3s.nadesi.com/cache/mypage.html.php on line 82
[23-Jul-2022 01:48:29 Asia/Tokyo] PHP Notice:  Trying to access array offset on value of type null in /home/users/1/kujirahand1914/web/n3s.nadesi.com/cache/mypage.html.php on line 82
[08-Aug-2022 00:58:48 Asia/Tokyo] PHP Parse error:  syntax error, unexpected end of file, expecting elseif (T_ELSEIF) or else (T_ELSE) or endif (T_ENDIF) in /home/users/1/kujirahand1914/web/n3s.nadesi.com/cache/show.html.php on line 97
