[07-Sep-2021 00:52:07 Asia/Tokyo] PHP Notice:  Trying to access array offset on value of type bool in /home/users/1/kujirahand1914/web/n3s.nadesi.com/cache/list.html.php on line 9
[07-Sep-2021 00:52:07 Asia/Tokyo] PHP Notice:  Trying to access array offset on value of type bool in /home/users/1/kujirahand1914/web/n3s.nadesi.com/cache/list.html.php on line 12
[07-Sep-2021 00:52:07 Asia/Tokyo] PHP Notice:  Trying to access array offset on value of type bool in /home/users/1/kujirahand1914/web/n3s.nadesi.com/cache/list.html.php on line 13
[07-Sep-2021 00:52:07 Asia/Tokyo] PHP Notice:  Trying to access array offset on value of type bool in /home/users/1/kujirahand1914/web/n3s.nadesi.com/cache/list.html.php on line 17
[07-Sep-2021 00:52:07 Asia/Tokyo] PHP Notice:  Trying to access array offset on value of type bool in /home/users/1/kujirahand1914/web/n3s.nadesi.com/cache/list.html.php on line 18
[07-Sep-2021 00:52:07 Asia/Tokyo] PHP Notice:  Trying to access array offset on value of type bool in /home/users/1/kujirahand1914/web/n3s.nadesi.com/cache/list.html.php on line 9
[07-Sep-2021 00:52:07 Asia/Tokyo] PHP Notice:  Trying to access array offset on value of type bool in /home/users/1/kujirahand1914/web/n3s.nadesi.com/cache/list.html.php on line 12
[07-Sep-2021 00:52:07 Asia/Tokyo] PHP Notice:  Trying to access array offset on value of type bool in /home/users/1/kujirahand1914/web/n3s.nadesi.com/cache/list.html.php on line 13
[07-Sep-2021 00:52:07 Asia/Tokyo] PHP Notice:  Trying to access array offset on value of type bool in /home/users/1/kujirahand1914/web/n3s.nadesi.com/cache/list.html.php on line 17
[07-Sep-2021 00:52:07 Asia/Tokyo] PHP Notice:  Trying to access array offset on value of type bool in /home/users/1/kujirahand1914/web/n3s.nadesi.com/cache/list.html.php on line 18
[07-Sep-2021 00:52:08 Asia/Tokyo] PHP Notice:  Trying to access array offset on value of type bool in /home/users/1/kujirahand1914/web/n3s.nadesi.com/cache/list.html.php on line 9
[07-Sep-2021 00:52:08 Asia/Tokyo] PHP Notice:  Trying to access array offset on value of type bool in /home/users/1/kujirahand1914/web/n3s.nadesi.com/cache/list.html.php on line 12
[07-Sep-2021 00:52:08 Asia/Tokyo] PHP Notice:  Trying to access array offset on value of type bool in /home/users/1/kujirahand1914/web/n3s.nadesi.com/cache/list.html.php on line 13
[07-Sep-2021 00:52:08 Asia/Tokyo] PHP Notice:  Trying to access array offset on value of type bool in /home/users/1/kujirahand1914/web/n3s.nadesi.com/cache/list.html.php on line 17
[07-Sep-2021 00:52:08 Asia/Tokyo] PHP Notice:  Trying to access array offset on value of type bool in /home/users/1/kujirahand1914/web/n3s.nadesi.com/cache/list.html.php on line 18
[07-Sep-2021 00:52:08 Asia/Tokyo] PHP Notice:  Trying to access array offset on value of type bool in /home/users/1/kujirahand1914/web/n3s.nadesi.com/cache/list.html.php on line 9
[07-Sep-2021 00:52:08 Asia/Tokyo] PHP Notice:  Trying to access array offset on value of type bool in /home/users/1/kujirahand1914/web/n3s.nadesi.com/cache/list.html.php on line 12
[07-Sep-2021 00:52:08 Asia/Tokyo] PHP Notice:  Trying to access array offset on value of type bool in /home/users/1/kujirahand1914/web/n3s.nadesi.com/cache/list.html.php on line 13
[07-Sep-2021 00:52:08 Asia/Tokyo] PHP Notice:  Trying to access array offset on value of type bool in /home/users/1/kujirahand1914/web/n3s.nadesi.com/cache/list.html.php on line 17
[07-Sep-2021 00:52:08 Asia/Tokyo] PHP Notice:  Trying to access array offset on value of type bool in /home/users/1/kujirahand1914/web/n3s.nadesi.com/cache/list.html.php on line 18
[07-Sep-2021 20:43:41 Asia/Tokyo] PHP Notice:  Trying to access array offset on value of type bool in /home/users/1/kujirahand1914/web/n3s.nadesi.com/cache/list.html.php on line 9
[07-Sep-2021 20:43:41 Asia/Tokyo] PHP Notice:  Trying to access array offset on value of type bool in /home/users/1/kujirahand1914/web/n3s.nadesi.com/cache/list.html.php on line 12
[07-Sep-2021 20:43:41 Asia/Tokyo] PHP Notice:  Trying to access array offset on value of type bool in /home/users/1/kujirahand1914/web/n3s.nadesi.com/cache/list.html.php on line 13
[07-Sep-2021 20:43:41 Asia/Tokyo] PHP Notice:  Trying to access array offset on value of type bool in /home/users/1/kujirahand1914/web/n3s.nadesi.com/cache/list.html.php on line 17
[07-Sep-2021 20:43:41 Asia/Tokyo] PHP Notice:  Trying to access array offset on value of type bool in /home/users/1/kujirahand1914/web/n3s.nadesi.com/cache/list.html.php on line 18
[11-Sep-2021 12:49:11 Asia/Tokyo] PHP Notice:  Trying to access array offset on value of type bool in /home/users/1/kujirahand1914/web/n3s.nadesi.com/cache/list.html.php on line 9
[11-Sep-2021 12:49:11 Asia/Tokyo] PHP Notice:  Trying to access array offset on value of type bool in /home/users/1/kujirahand1914/web/n3s.nadesi.com/cache/list.html.php on line 12
[11-Sep-2021 12:49:11 Asia/Tokyo] PHP Notice:  Trying to access array offset on value of type bool in /home/users/1/kujirahand1914/web/n3s.nadesi.com/cache/list.html.php on line 13
[11-Sep-2021 12:49:11 Asia/Tokyo] PHP Notice:  Trying to access array offset on value of type bool in /home/users/1/kujirahand1914/web/n3s.nadesi.com/cache/list.html.php on line 17
[11-Sep-2021 12:49:11 Asia/Tokyo] PHP Notice:  Trying to access array offset on value of type bool in /home/users/1/kujirahand1914/web/n3s.nadesi.com/cache/list.html.php on line 18
[14-Sep-2021 22:44:02 Asia/Tokyo] PHP Notice:  Undefined variable: r in /home/users/1/kujirahand1914/web/n3s.nadesi.com/cache/mypage.html.php on line 82
[14-Sep-2021 22:44:02 Asia/Tokyo] PHP Notice:  Trying to access array offset on value of type null in /home/users/1/kujirahand1914/web/n3s.nadesi.com/cache/mypage.html.php on line 82
[29-Sep-2021 21:20:04 Asia/Tokyo] PHP Notice:  Undefined variable: list in /home/users/1/kujirahand1914/web/n3s.nadesi.com/app/action/search.inc.php on line 117
[29-Sep-2021 21:20:07 Asia/Tokyo] PHP Notice:  Undefined variable: list in /home/users/1/kujirahand1914/web/n3s.nadesi.com/app/action/search.inc.php on line 117
[29-Sep-2021 21:20:16 Asia/Tokyo] PHP Notice:  Undefined variable: list in /home/users/1/kujirahand1914/web/n3s.nadesi.com/app/action/search.inc.php on line 117
[29-Sep-2021 21:20:27 Asia/Tokyo] PHP Notice:  Undefined variable: list in /home/users/1/kujirahand1914/web/n3s.nadesi.com/app/action/search.inc.php on line 117
[29-Sep-2021 21:20:37 Asia/Tokyo] PHP Notice:  Undefined variable: list in /home/users/1/kujirahand1914/web/n3s.nadesi.com/app/action/search.inc.php on line 117
[02-Oct-2021 05:30:45 Asia/Tokyo] PHP Notice:  Trying to access array offset on value of type bool in /home/users/1/kujirahand1914/web/n3s.nadesi.com/cache/list.html.php on line 9
[02-Oct-2021 05:30:45 Asia/Tokyo] PHP Notice:  Trying to access array offset on value of type bool in /home/users/1/kujirahand1914/web/n3s.nadesi.com/cache/list.html.php on line 12
[02-Oct-2021 05:30:45 Asia/Tokyo] PHP Notice:  Trying to access array offset on value of type bool in /home/users/1/kujirahand1914/web/n3s.nadesi.com/cache/list.html.php on line 13
[02-Oct-2021 05:30:45 Asia/Tokyo] PHP Notice:  Trying to access array offset on value of type bool in /home/users/1/kujirahand1914/web/n3s.nadesi.com/cache/list.html.php on line 17
[02-Oct-2021 05:30:45 Asia/Tokyo] PHP Notice:  Trying to access array offset on value of type bool in /home/users/1/kujirahand1914/web/n3s.nadesi.com/cache/list.html.php on line 18
[02-Oct-2021 05:30:46 Asia/Tokyo] PHP Notice:  Trying to access array offset on value of type bool in /home/users/1/kujirahand1914/web/n3s.nadesi.com/cache/list.html.php on line 9
[02-Oct-2021 05:30:46 Asia/Tokyo] PHP Notice:  Trying to access array offset on value of type bool in /home/users/1/kujirahand1914/web/n3s.nadesi.com/cache/list.html.php on line 12
[02-Oct-2021 05:30:46 Asia/Tokyo] PHP Notice:  Trying to access array offset on value of type bool in /home/users/1/kujirahand1914/web/n3s.nadesi.com/cache/list.html.php on line 13
[02-Oct-2021 05:30:46 Asia/Tokyo] PHP Notice:  Trying to access array offset on value of type bool in /home/users/1/kujirahand1914/web/n3s.nadesi.com/cache/list.html.php on line 17
[02-Oct-2021 05:30:46 Asia/Tokyo] PHP Notice:  Trying to access array offset on value of type bool in /home/users/1/kujirahand1914/web/n3s.nadesi.com/cache/list.html.php on line 18
[02-Oct-2021 05:30:46 Asia/Tokyo] PHP Notice:  Trying to access array offset on value of type bool in /home/users/1/kujirahand1914/web/n3s.nadesi.com/cache/list.html.php on line 9
[02-Oct-2021 05:30:46 Asia/Tokyo] PHP Notice:  Trying to access array offset on value of type bool in /home/users/1/kujirahand1914/web/n3s.nadesi.com/cache/list.html.php on line 12
[02-Oct-2021 05:30:46 Asia/Tokyo] PHP Notice:  Trying to access array offset on value of type bool in /home/users/1/kujirahand1914/web/n3s.nadesi.com/cache/list.html.php on line 13
[02-Oct-2021 05:30:46 Asia/Tokyo] PHP Notice:  Trying to access array offset on value of type bool in /home/users/1/kujirahand1914/web/n3s.nadesi.com/cache/list.html.php on line 17
[02-Oct-2021 05:30:46 Asia/Tokyo] PHP Notice:  Trying to access array offset on value of type bool in /home/users/1/kujirahand1914/web/n3s.nadesi.com/cache/list.html.php on line 18
[02-Oct-2021 05:30:46 Asia/Tokyo] PHP Notice:  Trying to access array offset on value of type bool in /home/users/1/kujirahand1914/web/n3s.nadesi.com/cache/list.html.php on line 9
[02-Oct-2021 05:30:46 Asia/Tokyo] PHP Notice:  Trying to access array offset on value of type bool in /home/users/1/kujirahand1914/web/n3s.nadesi.com/cache/list.html.php on line 12
[02-Oct-2021 05:30:46 Asia/Tokyo] PHP Notice:  Trying to access array offset on value of type bool in /home/users/1/kujirahand1914/web/n3s.nadesi.com/cache/list.html.php on line 13
[02-Oct-2021 05:30:46 Asia/Tokyo] PHP Notice:  Trying to access array offset on value of type bool in /home/users/1/kujirahand1914/web/n3s.nadesi.com/cache/list.html.php on line 17
[02-Oct-2021 05:30:46 Asia/Tokyo] PHP Notice:  Trying to access array offset on value of type bool in /home/users/1/kujirahand1914/web/n3s.nadesi.com/cache/list.html.php on line 18
[04-Oct-2021 23:48:52 Asia/Tokyo] PHP Parse error:  syntax error, unexpected end of file, expecting elseif (T_ELSEIF) or else (T_ELSE) or endif (T_ENDIF) in /home/users/1/kujirahand1914/web/n3s.nadesi.com/cache/show.html.php on line 98
[28-Oct-2021 14:21:44 Asia/Tokyo] PHP Notice:  Undefined variable: r in /home/users/1/kujirahand1914/web/n3s.nadesi.com/cache/mypage.html.php on line 82
[28-Oct-2021 14:21:44 Asia/Tokyo] PHP Notice:  Trying to access array offset on value of type null in /home/users/1/kujirahand1914/web/n3s.nadesi.com/cache/mypage.html.php on line 82
[28-Oct-2021 15:19:36 Asia/Tokyo] PHP Notice:  Undefined variable: r in /home/users/1/kujirahand1914/web/n3s.nadesi.com/cache/mypage.html.php on line 82
[28-Oct-2021 15:19:36 Asia/Tokyo] PHP Notice:  Trying to access array offset on value of type null in /home/users/1/kujirahand1914/web/n3s.nadesi.com/cache/mypage.html.php on line 82
[28-Oct-2021 15:19:36 Asia/Tokyo] PHP Notice:  Undefined variable: r in /home/users/1/kujirahand1914/web/n3s.nadesi.com/cache/mypage.html.php on line 82
[28-Oct-2021 15:19:36 Asia/Tokyo] PHP Notice:  Trying to access array offset on value of type null in /home/users/1/kujirahand1914/web/n3s.nadesi.com/cache/mypage.html.php on line 82
[28-Oct-2021 15:23:05 Asia/Tokyo] PHP Notice:  Undefined variable: r in /home/users/1/kujirahand1914/web/n3s.nadesi.com/cache/mypage.html.php on line 82
[28-Oct-2021 15:23:05 Asia/Tokyo] PHP Notice:  Trying to access array offset on value of type null in /home/users/1/kujirahand1914/web/n3s.nadesi.com/cache/mypage.html.php on line 82
[28-Oct-2021 15:23:05 Asia/Tokyo] PHP Notice:  Undefined variable: r in /home/users/1/kujirahand1914/web/n3s.nadesi.com/cache/mypage.html.php on line 82
[28-Oct-2021 15:23:05 Asia/Tokyo] PHP Notice:  Trying to access array offset on value of type null in /home/users/1/kujirahand1914/web/n3s.nadesi.com/cache/mypage.html.php on line 82
[28-Oct-2021 15:23:05 Asia/Tokyo] PHP Notice:  Undefined variable: r in /home/users/1/kujirahand1914/web/n3s.nadesi.com/cache/mypage.html.php on line 82
[28-Oct-2021 15:23:05 Asia/Tokyo] PHP Notice:  Trying to access array offset on value of type null in /home/users/1/kujirahand1914/web/n3s.nadesi.com/cache/mypage.html.php on line 82
[28-Oct-2021 15:23:38 Asia/Tokyo] PHP Notice:  Undefined variable: r in /home/users/1/kujirahand1914/web/n3s.nadesi.com/cache/mypage.html.php on line 82
[28-Oct-2021 15:23:38 Asia/Tokyo] PHP Notice:  Trying to access array offset on value of type null in /home/users/1/kujirahand1914/web/n3s.nadesi.com/cache/mypage.html.php on line 82
[28-Oct-2021 15:23:38 Asia/Tokyo] PHP Notice:  Undefined variable: r in /home/users/1/kujirahand1914/web/n3s.nadesi.com/cache/mypage.html.php on line 82
[28-Oct-2021 15:23:38 Asia/Tokyo] PHP Notice:  Trying to access array offset on value of type null in /home/users/1/kujirahand1914/web/n3s.nadesi.com/cache/mypage.html.php on line 82
[28-Oct-2021 15:23:38 Asia/Tokyo] PHP Notice:  Undefined variable: r in /home/users/1/kujirahand1914/web/n3s.nadesi.com/cache/mypage.html.php on line 82
[28-Oct-2021 15:23:38 Asia/Tokyo] PHP Notice:  Trying to access array offset on value of type null in /home/users/1/kujirahand1914/web/n3s.nadesi.com/cache/mypage.html.php on line 82
[28-Oct-2021 15:28:38 Asia/Tokyo] PHP Notice:  Undefined variable: r in /home/users/1/kujirahand1914/web/n3s.nadesi.com/cache/mypage.html.php on line 82
[28-Oct-2021 15:28:38 Asia/Tokyo] PHP Notice:  Trying to access array offset on value of type null in /home/users/1/kujirahand1914/web/n3s.nadesi.com/cache/mypage.html.php on line 82
[28-Oct-2021 15:28:38 Asia/Tokyo] PHP Notice:  Undefined variable: r in /home/users/1/kujirahand1914/web/n3s.nadesi.com/cache/mypage.html.php on line 82
[28-Oct-2021 15:28:38 Asia/Tokyo] PHP Notice:  Trying to access array offset on value of type null in /home/users/1/kujirahand1914/web/n3s.nadesi.com/cache/mypage.html.php on line 82
[28-Oct-2021 15:28:38 Asia/Tokyo] PHP Notice:  Undefined variable: r in /home/users/1/kujirahand1914/web/n3s.nadesi.com/cache/mypage.html.php on line 82
[28-Oct-2021 15:28:38 Asia/Tokyo] PHP Notice:  Trying to access array offset on value of type null in /home/users/1/kujirahand1914/web/n3s.nadesi.com/cache/mypage.html.php on line 82
[31-Oct-2021 15:10:07 Asia/Tokyo] PHP Notice:  Undefined variable: r in /home/users/1/kujirahand1914/web/n3s.nadesi.com/cache/mypage.html.php on line 82
[31-Oct-2021 15:10:07 Asia/Tokyo] PHP Notice:  Trying to access array offset on value of type null in /home/users/1/kujirahand1914/web/n3s.nadesi.com/cache/mypage.html.php on line 82
[31-Oct-2021 15:10:07 Asia/Tokyo] PHP Notice:  Undefined variable: r in /home/users/1/kujirahand1914/web/n3s.nadesi.com/cache/mypage.html.php on line 82
[31-Oct-2021 15:10:07 Asia/Tokyo] PHP Notice:  Trying to access array offset on value of type null in /home/users/1/kujirahand1914/web/n3s.nadesi.com/cache/mypage.html.php on line 82
[31-Oct-2021 15:10:07 Asia/Tokyo] PHP Notice:  Undefined variable: r in /home/users/1/kujirahand1914/web/n3s.nadesi.com/cache/mypage.html.php on line 82
[31-Oct-2021 15:10:07 Asia/Tokyo] PHP Notice:  Trying to access array offset on value of type null in /home/users/1/kujirahand1914/web/n3s.nadesi.com/cache/mypage.html.php on line 82
[31-Oct-2021 15:10:07 Asia/Tokyo] PHP Notice:  Undefined variable: r in /home/users/1/kujirahand1914/web/n3s.nadesi.com/cache/mypage.html.php on line 82
[31-Oct-2021 15:10:07 Asia/Tokyo] PHP Notice:  Trying to access array offset on value of type null in /home/users/1/kujirahand1914/web/n3s.nadesi.com/cache/mypage.html.php on line 82
[31-Oct-2021 15:10:07 Asia/Tokyo] PHP Notice:  Undefined variable: r in /home/users/1/kujirahand1914/web/n3s.nadesi.com/cache/mypage.html.php on line 82
[31-Oct-2021 15:10:07 Asia/Tokyo] PHP Notice:  Trying to access array offset on value of type null in /home/users/1/kujirahand1914/web/n3s.nadesi.com/cache/mypage.html.php on line 82
[31-Oct-2021 15:14:30 Asia/Tokyo] PHP Notice:  Undefined variable: r in /home/users/1/kujirahand1914/web/n3s.nadesi.com/cache/mypage.html.php on line 82
[31-Oct-2021 15:14:30 Asia/Tokyo] PHP Notice:  Trying to access array offset on value of type null in /home/users/1/kujirahand1914/web/n3s.nadesi.com/cache/mypage.html.php on line 82
[31-Oct-2021 15:14:30 Asia/Tokyo] PHP Notice:  Undefined variable: r in /home/users/1/kujirahand1914/web/n3s.nadesi.com/cache/mypage.html.php on line 82
[31-Oct-2021 15:14:30 Asia/Tokyo] PHP Notice:  Trying to access array offset on value of type null in /home/users/1/kujirahand1914/web/n3s.nadesi.com/cache/mypage.html.php on line 82
[31-Oct-2021 15:14:30 Asia/Tokyo] PHP Notice:  Undefined variable: r in /home/users/1/kujirahand1914/web/n3s.nadesi.com/cache/mypage.html.php on line 82
[31-Oct-2021 15:14:30 Asia/Tokyo] PHP Notice:  Trying to access array offset on value of type null in /home/users/1/kujirahand1914/web/n3s.nadesi.com/cache/mypage.html.php on line 82
[31-Oct-2021 15:14:30 Asia/Tokyo] PHP Notice:  Undefined variable: r in /home/users/1/kujirahand1914/web/n3s.nadesi.com/cache/mypage.html.php on line 82
[31-Oct-2021 15:14:30 Asia/Tokyo] PHP Notice:  Trying to access array offset on value of type null in /home/users/1/kujirahand1914/web/n3s.nadesi.com/cache/mypage.html.php on line 82
[31-Oct-2021 15:14:30 Asia/Tokyo] PHP Notice:  Undefined variable: r in /home/users/1/kujirahand1914/web/n3s.nadesi.com/cache/mypage.html.php on line 82
[31-Oct-2021 15:14:30 Asia/Tokyo] PHP Notice:  Trying to access array offset on value of type null in /home/users/1/kujirahand1914/web/n3s.nadesi.com/cache/mypage.html.php on line 82
[11-Nov-2021 23:08:48 Asia/Tokyo] PHP Warning:  preg_replace(): Unknown modifier 'g' in /home/users/1/kujirahand1914/web/n3s.nadesi.com/app/action/save.inc.php on line 173
[11-Nov-2021 23:10:28 Asia/Tokyo] PHP Warning:  preg_replace(): Unknown modifier 'g' in /home/users/1/kujirahand1914/web/n3s.nadesi.com/app/action/save.inc.php on line 173
[11-Nov-2021 23:11:59 Asia/Tokyo] PHP Warning:  preg_replace(): Unknown modifier 'g' in /home/users/1/kujirahand1914/web/n3s.nadesi.com/app/action/save.inc.php on line 173
[11-Nov-2021 23:15:47 Asia/Tokyo] PHP Warning:  preg_replace(): Unknown modifier 'g' in /home/users/1/kujirahand1914/web/n3s.nadesi.com/app/action/save.inc.php on line 173
[11-Nov-2021 23:16:33 Asia/Tokyo] PHP Warning:  preg_replace(): Unknown modifier 'g' in /home/users/1/kujirahand1914/web/n3s.nadesi.com/app/action/save.inc.php on line 173
[11-Nov-2021 23:22:41 Asia/Tokyo] PHP Warning:  preg_replace(): Unknown modifier 'g' in /home/users/1/kujirahand1914/web/n3s.nadesi.com/app/action/save.inc.php on line 173
[11-Nov-2021 23:25:26 Asia/Tokyo] PHP Warning:  preg_replace(): Unknown modifier 'g' in /home/users/1/kujirahand1914/web/n3s.nadesi.com/app/action/save.inc.php on line 173
[11-Nov-2021 23:35:22 Asia/Tokyo] PHP Notice:  Undefined index: app_name in /home/users/1/kujirahand1914/web/n3s.nadesi.com/app/action/show.inc.php on line 241
[11-Nov-2021 23:35:22 Asia/Tokyo] PHP Notice:  Undefined index: app_id in /home/users/1/kujirahand1914/web/n3s.nadesi.com/app/action/show.inc.php on line 241
[11-Nov-2021 23:35:22 Asia/Tokyo] PHP Warning:  preg_replace(): Unknown modifier 'g' in /home/users/1/kujirahand1914/web/n3s.nadesi.com/app/action/save.inc.php on line 173
[11-Nov-2021 23:42:52 Asia/Tokyo] PHP Warning:  preg_replace(): Unknown modifier 'g' in /home/users/1/kujirahand1914/web/n3s.nadesi.com/app/action/save.inc.php on line 173
[11-Nov-2021 23:46:44 Asia/Tokyo] PHP Warning:  preg_replace(): Unknown modifier 'g' in /home/users/1/kujirahand1914/web/n3s.nadesi.com/app/action/save.inc.php on line 173
[11-Nov-2021 23:56:35 Asia/Tokyo] PHP Warning:  preg_replace(): Unknown modifier 'g' in /home/users/1/kujirahand1914/web/n3s.nadesi.com/app/action/save.inc.php on line 173
[11-Nov-2021 23:56:47 Asia/Tokyo] PHP Warning:  preg_replace(): Unknown modifier 'g' in /home/users/1/kujirahand1914/web/n3s.nadesi.com/app/action/save.inc.php on line 173
[12-Nov-2021 00:01:11 Asia/Tokyo] PHP Warning:  preg_replace(): Unknown modifier 'g' in /home/users/1/kujirahand1914/web/n3s.nadesi.com/app/action/save.inc.php on line 173
[12-Nov-2021 00:03:54 Asia/Tokyo] PHP Notice:  Undefined index: app_name in /home/users/1/kujirahand1914/web/n3s.nadesi.com/app/action/show.inc.php on line 241
[12-Nov-2021 00:03:54 Asia/Tokyo] PHP Notice:  Undefined index: app_id in /home/users/1/kujirahand1914/web/n3s.nadesi.com/app/action/show.inc.php on line 241
[12-Nov-2021 00:03:54 Asia/Tokyo] PHP Warning:  preg_replace(): Unknown modifier 'g' in /home/users/1/kujirahand1914/web/n3s.nadesi.com/app/action/save.inc.php on line 173
[12-Nov-2021 00:04:10 Asia/Tokyo] PHP Notice:  Undefined index: app_name in /home/users/1/kujirahand1914/web/n3s.nadesi.com/app/action/show.inc.php on line 241
[12-Nov-2021 00:04:10 Asia/Tokyo] PHP Notice:  Undefined index: app_id in /home/users/1/kujirahand1914/web/n3s.nadesi.com/app/action/show.inc.php on line 241
[12-Nov-2021 00:04:10 Asia/Tokyo] PHP Warning:  preg_replace(): Unknown modifier 'g' in /home/users/1/kujirahand1914/web/n3s.nadesi.com/app/action/save.inc.php on line 173
[12-Nov-2021 00:05:39 Asia/Tokyo] PHP Warning:  preg_replace(): Unknown modifier 'g' in /home/users/1/kujirahand1914/web/n3s.nadesi.com/app/action/save.inc.php on line 173
[12-Nov-2021 00:05:46 Asia/Tokyo] PHP Warning:  preg_replace(): Unknown modifier 'g' in /home/users/1/kujirahand1914/web/n3s.nadesi.com/app/action/save.inc.php on line 173
[12-Nov-2021 00:06:07 Asia/Tokyo] PHP Warning:  preg_replace(): Unknown modifier 'g' in /home/users/1/kujirahand1914/web/n3s.nadesi.com/app/action/save.inc.php on line 173
[12-Nov-2021 00:06:28 Asia/Tokyo] PHP Notice:  Undefined index: app_name in /home/users/1/kujirahand1914/web/n3s.nadesi.com/app/action/show.inc.php on line 241
[12-Nov-2021 00:06:28 Asia/Tokyo] PHP Notice:  Undefined index: app_id in /home/users/1/kujirahand1914/web/n3s.nadesi.com/app/action/show.inc.php on line 241
[12-Nov-2021 00:06:28 Asia/Tokyo] PHP Warning:  preg_replace(): Unknown modifier 'g' in /home/users/1/kujirahand1914/web/n3s.nadesi.com/app/action/save.inc.php on line 173
[12-Nov-2021 00:11:18 Asia/Tokyo] PHP Warning:  preg_replace(): Unknown modifier 'g' in /home/users/1/kujirahand1914/web/n3s.nadesi.com/app/action/save.inc.php on line 173
[12-Nov-2021 00:31:26 Asia/Tokyo] PHP Notice:  Undefined index: app_name in /home/users/1/kujirahand1914/web/n3s.nadesi.com/app/action/show.inc.php on line 241
[12-Nov-2021 00:31:26 Asia/Tokyo] PHP Notice:  Undefined index: app_id in /home/users/1/kujirahand1914/web/n3s.nadesi.com/app/action/show.inc.php on line 241
[12-Nov-2021 00:31:26 Asia/Tokyo] PHP Warning:  preg_replace(): Unknown modifier 'g' in /home/users/1/kujirahand1914/web/n3s.nadesi.com/app/action/save.inc.php on line 173
[12-Nov-2021 00:31:32 Asia/Tokyo] PHP Warning:  preg_replace(): Unknown modifier 'g' in /home/users/1/kujirahand1914/web/n3s.nadesi.com/app/action/save.inc.php on line 173
[12-Nov-2021 00:32:36 Asia/Tokyo] PHP Notice:  Undefined index: app_name in /home/users/1/kujirahand1914/web/n3s.nadesi.com/app/action/show.inc.php on line 241
[12-Nov-2021 00:32:36 Asia/Tokyo] PHP Notice:  Undefined index: app_id in /home/users/1/kujirahand1914/web/n3s.nadesi.com/app/action/show.inc.php on line 241
[12-Nov-2021 00:32:36 Asia/Tokyo] PHP Warning:  preg_replace(): Unknown modifier 'g' in /home/users/1/kujirahand1914/web/n3s.nadesi.com/app/action/save.inc.php on line 173
[12-Nov-2021 00:33:09 Asia/Tokyo] PHP Warning:  preg_replace(): Unknown modifier 'g' in /home/users/1/kujirahand1914/web/n3s.nadesi.com/app/action/save.inc.php on line 173
[12-Nov-2021 00:33:09 Asia/Tokyo] PHP Warning:  preg_replace(): Unknown modifier 'g' in /home/users/1/kujirahand1914/web/n3s.nadesi.com/app/action/save.inc.php on line 173
[12-Nov-2021 00:47:48 Asia/Tokyo] PHP Notice:  Undefined index: app_name in /home/users/1/kujirahand1914/web/n3s.nadesi.com/app/action/show.inc.php on line 241
[12-Nov-2021 00:47:48 Asia/Tokyo] PHP Notice:  Undefined index: app_id in /home/users/1/kujirahand1914/web/n3s.nadesi.com/app/action/show.inc.php on line 241
[12-Nov-2021 00:47:48 Asia/Tokyo] PHP Warning:  preg_replace(): Unknown modifier 'g' in /home/users/1/kujirahand1914/web/n3s.nadesi.com/app/action/save.inc.php on line 173
[12-Nov-2021 00:53:16 Asia/Tokyo] PHP Warning:  preg_replace(): Unknown modifier 'g' in /home/users/1/kujirahand1914/web/n3s.nadesi.com/app/action/save.inc.php on line 173
[12-Nov-2021 00:56:08 Asia/Tokyo] PHP Warning:  preg_replace(): Unknown modifier 'g' in /home/users/1/kujirahand1914/web/n3s.nadesi.com/app/action/save.inc.php on line 173
[12-Nov-2021 00:56:12 Asia/Tokyo] PHP Warning:  preg_replace(): Unknown modifier 'g' in /home/users/1/kujirahand1914/web/n3s.nadesi.com/app/action/save.inc.php on line 173
[12-Nov-2021 00:56:17 Asia/Tokyo] PHP Warning:  preg_replace(): Unknown modifier 'g' in /home/users/1/kujirahand1914/web/n3s.nadesi.com/app/action/save.inc.php on line 173
[12-Nov-2021 00:57:30 Asia/Tokyo] PHP Warning:  preg_replace(): Unknown modifier 'g' in /home/users/1/kujirahand1914/web/n3s.nadesi.com/app/action/save.inc.php on line 173
[12-Nov-2021 00:57:37 Asia/Tokyo] PHP Warning:  preg_replace(): Unknown modifier 'g' in /home/users/1/kujirahand1914/web/n3s.nadesi.com/app/action/save.inc.php on line 173
[12-Nov-2021 00:58:09 Asia/Tokyo] PHP Warning:  preg_replace(): Unknown modifier 'g' in /home/users/1/kujirahand1914/web/n3s.nadesi.com/app/action/save.inc.php on line 173
[12-Nov-2021 00:58:48 Asia/Tokyo] PHP Warning:  preg_replace(): Unknown modifier 'g' in /home/users/1/kujirahand1914/web/n3s.nadesi.com/app/action/save.inc.php on line 173
[12-Nov-2021 01:01:40 Asia/Tokyo] PHP Warning:  preg_replace(): Unknown modifier 'g' in /home/users/1/kujirahand1914/web/n3s.nadesi.com/app/action/save.inc.php on line 173
[12-Nov-2021 01:02:55 Asia/Tokyo] PHP Warning:  preg_replace(): Unknown modifier 'g' in /home/users/1/kujirahand1914/web/n3s.nadesi.com/app/action/save.inc.php on line 173
[12-Nov-2021 01:04:52 Asia/Tokyo] PHP Warning:  preg_replace(): Unknown modifier 'g' in /home/users/1/kujirahand1914/web/n3s.nadesi.com/app/action/save.inc.php on line 173
[12-Nov-2021 01:04:52 Asia/Tokyo] PHP Warning:  preg_replace(): Unknown modifier 'g' in /home/users/1/kujirahand1914/web/n3s.nadesi.com/app/action/save.inc.php on line 173
[12-Nov-2021 01:10:57 Asia/Tokyo] PHP Warning:  preg_replace(): Unknown modifier 'g' in /home/users/1/kujirahand1914/web/n3s.nadesi.com/app/action/save.inc.php on line 173
[12-Nov-2021 01:19:09 Asia/Tokyo] PHP Warning:  preg_replace(): Unknown modifier 'g' in /home/users/1/kujirahand1914/web/n3s.nadesi.com/app/action/save.inc.php on line 173
[12-Nov-2021 01:20:47 Asia/Tokyo] PHP Warning:  preg_replace(): Unknown modifier 'g' in /home/users/1/kujirahand1914/web/n3s.nadesi.com/app/action/save.inc.php on line 173
[12-Nov-2021 01:21:09 Asia/Tokyo] PHP Warning:  preg_replace(): Unknown modifier 'g' in /home/users/1/kujirahand1914/web/n3s.nadesi.com/app/action/save.inc.php on line 173
[12-Nov-2021 01:21:29 Asia/Tokyo] PHP Warning:  preg_replace(): Unknown modifier 'g' in /home/users/1/kujirahand1914/web/n3s.nadesi.com/app/action/save.inc.php on line 173
[12-Nov-2021 01:21:49 Asia/Tokyo] PHP Warning:  preg_replace(): Unknown modifier 'g' in /home/users/1/kujirahand1914/web/n3s.nadesi.com/app/action/save.inc.php on line 173
[12-Nov-2021 01:22:01 Asia/Tokyo] PHP Warning:  preg_replace(): Unknown modifier 'g' in /home/users/1/kujirahand1914/web/n3s.nadesi.com/app/action/save.inc.php on line 173
[12-Nov-2021 01:23:10 Asia/Tokyo] PHP Notice:  Undefined index: app_name in /home/users/1/kujirahand1914/web/n3s.nadesi.com/app/action/show.inc.php on line 241
[12-Nov-2021 01:23:10 Asia/Tokyo] PHP Notice:  Undefined index: app_id in /home/users/1/kujirahand1914/web/n3s.nadesi.com/app/action/show.inc.php on line 241
[12-Nov-2021 01:23:10 Asia/Tokyo] PHP Warning:  preg_replace(): Unknown modifier 'g' in /home/users/1/kujirahand1914/web/n3s.nadesi.com/app/action/save.inc.php on line 173
[12-Nov-2021 01:23:51 Asia/Tokyo] PHP Warning:  preg_replace(): Unknown modifier 'g' in /home/users/1/kujirahand1914/web/n3s.nadesi.com/app/action/save.inc.php on line 173
[12-Nov-2021 01:28:12 Asia/Tokyo] PHP Warning:  preg_replace(): Unknown modifier 'g' in /home/users/1/kujirahand1914/web/n3s.nadesi.com/app/action/save.inc.php on line 173
[12-Nov-2021 01:28:13 Asia/Tokyo] PHP Warning:  preg_replace(): Unknown modifier 'g' in /home/users/1/kujirahand1914/web/n3s.nadesi.com/app/action/save.inc.php on line 173
[12-Nov-2021 01:33:19 Asia/Tokyo] PHP Warning:  preg_replace(): Unknown modifier 'g' in /home/users/1/kujirahand1914/web/n3s.nadesi.com/app/action/save.inc.php on line 173
[12-Nov-2021 01:36:16 Asia/Tokyo] PHP Warning:  preg_replace(): Unknown modifier 'g' in /home/users/1/kujirahand1914/web/n3s.nadesi.com/app/action/save.inc.php on line 173
[12-Nov-2021 01:36:45 Asia/Tokyo] PHP Warning:  preg_replace(): Unknown modifier 'g' in /home/users/1/kujirahand1914/web/n3s.nadesi.com/app/action/save.inc.php on line 173
[12-Nov-2021 01:58:12 Asia/Tokyo] PHP Warning:  preg_replace(): Unknown modifier 'g' in /home/users/1/kujirahand1914/web/n3s.nadesi.com/app/action/save.inc.php on line 173
[12-Nov-2021 02:13:20 Asia/Tokyo] PHP Warning:  preg_replace(): Unknown modifier 'g' in /home/users/1/kujirahand1914/web/n3s.nadesi.com/app/action/save.inc.php on line 173
[12-Nov-2021 02:16:09 Asia/Tokyo] PHP Warning:  preg_replace(): Unknown modifier 'g' in /home/users/1/kujirahand1914/web/n3s.nadesi.com/app/action/save.inc.php on line 173
[12-Nov-2021 02:18:01 Asia/Tokyo] PHP Warning:  preg_replace(): Unknown modifier 'g' in /home/users/1/kujirahand1914/web/n3s.nadesi.com/app/action/save.inc.php on line 173
[12-Nov-2021 02:56:57 Asia/Tokyo] PHP Warning:  preg_replace(): Unknown modifier 'g' in /home/users/1/kujirahand1914/web/n3s.nadesi.com/app/action/save.inc.php on line 173
[12-Nov-2021 02:58:15 Asia/Tokyo] PHP Warning:  preg_replace(): Unknown modifier 'g' in /home/users/1/kujirahand1914/web/n3s.nadesi.com/app/action/save.inc.php on line 173
[12-Nov-2021 02:58:16 Asia/Tokyo] PHP Warning:  preg_replace(): Unknown modifier 'g' in /home/users/1/kujirahand1914/web/n3s.nadesi.com/app/action/save.inc.php on line 173
[12-Nov-2021 02:59:47 Asia/Tokyo] PHP Warning:  preg_replace(): Unknown modifier 'g' in /home/users/1/kujirahand1914/web/n3s.nadesi.com/app/action/save.inc.php on line 173
[12-Nov-2021 03:08:34 Asia/Tokyo] PHP Warning:  preg_replace(): Unknown modifier 'g' in /home/users/1/kujirahand1914/web/n3s.nadesi.com/app/action/save.inc.php on line 173
[12-Nov-2021 03:19:43 Asia/Tokyo] PHP Notice:  Undefined index: app_name in /home/users/1/kujirahand1914/web/n3s.nadesi.com/app/action/show.inc.php on line 241
[12-Nov-2021 03:19:43 Asia/Tokyo] PHP Notice:  Undefined index: app_id in /home/users/1/kujirahand1914/web/n3s.nadesi.com/app/action/show.inc.php on line 241
[12-Nov-2021 03:19:43 Asia/Tokyo] PHP Warning:  preg_replace(): Unknown modifier 'g' in /home/users/1/kujirahand1914/web/n3s.nadesi.com/app/action/save.inc.php on line 173
[12-Nov-2021 03:25:50 Asia/Tokyo] PHP Warning:  preg_replace(): Unknown modifier 'g' in /home/users/1/kujirahand1914/web/n3s.nadesi.com/app/action/save.inc.php on line 173
[12-Nov-2021 03:33:44 Asia/Tokyo] PHP Warning:  preg_replace(): Unknown modifier 'g' in /home/users/1/kujirahand1914/web/n3s.nadesi.com/app/action/save.inc.php on line 173
[12-Nov-2021 03:41:07 Asia/Tokyo] PHP Warning:  preg_replace(): Unknown modifier 'g' in /home/users/1/kujirahand1914/web/n3s.nadesi.com/app/action/save.inc.php on line 173
[12-Nov-2021 03:54:37 Asia/Tokyo] PHP Warning:  preg_replace(): Unknown modifier 'g' in /home/users/1/kujirahand1914/web/n3s.nadesi.com/app/action/save.inc.php on line 173
[12-Nov-2021 04:00:36 Asia/Tokyo] PHP Warning:  preg_replace(): Unknown modifier 'g' in /home/users/1/kujirahand1914/web/n3s.nadesi.com/app/action/save.inc.php on line 173
[12-Nov-2021 04:06:51 Asia/Tokyo] PHP Warning:  preg_replace(): Unknown modifier 'g' in /home/users/1/kujirahand1914/web/n3s.nadesi.com/app/action/save.inc.php on line 173
[12-Nov-2021 04:10:30 Asia/Tokyo] PHP Warning:  preg_replace(): Unknown modifier 'g' in /home/users/1/kujirahand1914/web/n3s.nadesi.com/app/action/save.inc.php on line 173
[12-Nov-2021 04:25:20 Asia/Tokyo] PHP Warning:  preg_replace(): Unknown modifier 'g' in /home/users/1/kujirahand1914/web/n3s.nadesi.com/app/action/save.inc.php on line 173
[12-Nov-2021 04:52:42 Asia/Tokyo] PHP Warning:  preg_replace(): Unknown modifier 'g' in /home/users/1/kujirahand1914/web/n3s.nadesi.com/app/action/save.inc.php on line 173
[12-Nov-2021 04:57:01 Asia/Tokyo] PHP Warning:  preg_replace(): Unknown modifier 'g' in /home/users/1/kujirahand1914/web/n3s.nadesi.com/app/action/save.inc.php on line 173
[12-Nov-2021 05:01:57 Asia/Tokyo] PHP Warning:  preg_replace(): Unknown modifier 'g' in /home/users/1/kujirahand1914/web/n3s.nadesi.com/app/action/save.inc.php on line 173
[12-Nov-2021 05:23:45 Asia/Tokyo] PHP Warning:  preg_replace(): Unknown modifier 'g' in /home/users/1/kujirahand1914/web/n3s.nadesi.com/app/action/save.inc.php on line 173
[12-Nov-2021 05:24:22 Asia/Tokyo] PHP Warning:  preg_replace(): Unknown modifier 'g' in /home/users/1/kujirahand1914/web/n3s.nadesi.com/app/action/save.inc.php on line 173
[12-Nov-2021 05:28:27 Asia/Tokyo] PHP Warning:  preg_replace(): Unknown modifier 'g' in /home/users/1/kujirahand1914/web/n3s.nadesi.com/app/action/save.inc.php on line 173
[12-Nov-2021 05:34:55 Asia/Tokyo] PHP Notice:  Undefined index: app_name in /home/users/1/kujirahand1914/web/n3s.nadesi.com/app/action/show.inc.php on line 241
[12-Nov-2021 05:34:55 Asia/Tokyo] PHP Notice:  Undefined index: app_id in /home/users/1/kujirahand1914/web/n3s.nadesi.com/app/action/show.inc.php on line 241
[12-Nov-2021 05:34:55 Asia/Tokyo] PHP Warning:  preg_replace(): Unknown modifier 'g' in /home/users/1/kujirahand1914/web/n3s.nadesi.com/app/action/save.inc.php on line 173
[12-Nov-2021 05:35:11 Asia/Tokyo] PHP Warning:  preg_replace(): Unknown modifier 'g' in /home/users/1/kujirahand1914/web/n3s.nadesi.com/app/action/save.inc.php on line 173
[12-Nov-2021 05:45:46 Asia/Tokyo] PHP Warning:  preg_replace(): Unknown modifier 'g' in /home/users/1/kujirahand1914/web/n3s.nadesi.com/app/action/save.inc.php on line 173
[12-Nov-2021 05:54:38 Asia/Tokyo] PHP Warning:  preg_replace(): Unknown modifier 'g' in /home/users/1/kujirahand1914/web/n3s.nadesi.com/app/action/save.inc.php on line 173
[12-Nov-2021 05:54:58 Asia/Tokyo] PHP Warning:  preg_replace(): Unknown modifier 'g' in /home/users/1/kujirahand1914/web/n3s.nadesi.com/app/action/save.inc.php on line 173
[12-Nov-2021 05:55:18 Asia/Tokyo] PHP Warning:  preg_replace(): Unknown modifier 'g' in /home/users/1/kujirahand1914/web/n3s.nadesi.com/app/action/save.inc.php on line 173
[12-Nov-2021 05:56:00 Asia/Tokyo] PHP Warning:  preg_replace(): Unknown modifier 'g' in /home/users/1/kujirahand1914/web/n3s.nadesi.com/app/action/save.inc.php on line 173
[12-Nov-2021 05:56:40 Asia/Tokyo] PHP Warning:  preg_replace(): Unknown modifier 'g' in /home/users/1/kujirahand1914/web/n3s.nadesi.com/app/action/save.inc.php on line 173
[12-Nov-2021 05:56:45 Asia/Tokyo] PHP Warning:  preg_replace(): Unknown modifier 'g' in /home/users/1/kujirahand1914/web/n3s.nadesi.com/app/action/save.inc.php on line 173
[12-Nov-2021 05:56:53 Asia/Tokyo] PHP Warning:  preg_replace(): Unknown modifier 'g' in /home/users/1/kujirahand1914/web/n3s.nadesi.com/app/action/save.inc.php on line 173
[12-Nov-2021 06:07:51 Asia/Tokyo] PHP Warning:  preg_replace(): Unknown modifier 'g' in /home/users/1/kujirahand1914/web/n3s.nadesi.com/app/action/save.inc.php on line 173
[12-Nov-2021 06:21:35 Asia/Tokyo] PHP Warning:  preg_replace(): Unknown modifier 'g' in /home/users/1/kujirahand1914/web/n3s.nadesi.com/app/action/save.inc.php on line 173
[12-Nov-2021 06:31:29 Asia/Tokyo] PHP Warning:  preg_replace(): Unknown modifier 'g' in /home/users/1/kujirahand1914/web/n3s.nadesi.com/app/action/save.inc.php on line 173
[12-Nov-2021 06:38:39 Asia/Tokyo] PHP Warning:  preg_replace(): Unknown modifier 'g' in /home/users/1/kujirahand1914/web/n3s.nadesi.com/app/action/save.inc.php on line 173
[12-Nov-2021 06:43:17 Asia/Tokyo] PHP Warning:  preg_replace(): Unknown modifier 'g' in /home/users/1/kujirahand1914/web/n3s.nadesi.com/app/action/save.inc.php on line 173
[12-Nov-2021 06:53:37 Asia/Tokyo] PHP Notice:  Undefined index: app_name in /home/users/1/kujirahand1914/web/n3s.nadesi.com/app/action/show.inc.php on line 241
[12-Nov-2021 06:53:37 Asia/Tokyo] PHP Notice:  Undefined index: app_id in /home/users/1/kujirahand1914/web/n3s.nadesi.com/app/action/show.inc.php on line 241
[12-Nov-2021 06:53:37 Asia/Tokyo] PHP Warning:  preg_replace(): Unknown modifier 'g' in /home/users/1/kujirahand1914/web/n3s.nadesi.com/app/action/save.inc.php on line 173
[12-Nov-2021 07:00:07 Asia/Tokyo] PHP Warning:  preg_replace(): Unknown modifier 'g' in /home/users/1/kujirahand1914/web/n3s.nadesi.com/app/action/save.inc.php on line 173
[12-Nov-2021 07:01:19 Asia/Tokyo] PHP Warning:  preg_replace(): Unknown modifier 'g' in /home/users/1/kujirahand1914/web/n3s.nadesi.com/app/action/save.inc.php on line 173
[12-Nov-2021 07:02:21 Asia/Tokyo] PHP Warning:  preg_replace(): Unknown modifier 'g' in /home/users/1/kujirahand1914/web/n3s.nadesi.com/app/action/save.inc.php on line 173
[12-Nov-2021 07:03:58 Asia/Tokyo] PHP Warning:  preg_replace(): Unknown modifier 'g' in /home/users/1/kujirahand1914/web/n3s.nadesi.com/app/action/save.inc.php on line 173
[12-Nov-2021 07:18:46 Asia/Tokyo] PHP Notice:  Undefined index: app_name in /home/users/1/kujirahand1914/web/n3s.nadesi.com/app/action/show.inc.php on line 241
[12-Nov-2021 07:18:46 Asia/Tokyo] PHP Notice:  Undefined index: app_id in /home/users/1/kujirahand1914/web/n3s.nadesi.com/app/action/show.inc.php on line 241
[12-Nov-2021 07:18:46 Asia/Tokyo] PHP Warning:  preg_replace(): Unknown modifier 'g' in /home/users/1/kujirahand1914/web/n3s.nadesi.com/app/action/save.inc.php on line 173
[12-Nov-2021 07:18:47 Asia/Tokyo] PHP Warning:  preg_replace(): Unknown modifier 'g' in /home/users/1/kujirahand1914/web/n3s.nadesi.com/app/action/save.inc.php on line 173
[12-Nov-2021 07:19:53 Asia/Tokyo] PHP Notice:  Undefined index: app_name in /home/users/1/kujirahand1914/web/n3s.nadesi.com/app/action/show.inc.php on line 241
[12-Nov-2021 07:19:53 Asia/Tokyo] PHP Notice:  Undefined index: app_id in /home/users/1/kujirahand1914/web/n3s.nadesi.com/app/action/show.inc.php on line 241
[12-Nov-2021 07:19:53 Asia/Tokyo] PHP Warning:  preg_replace(): Unknown modifier 'g' in /home/users/1/kujirahand1914/web/n3s.nadesi.com/app/action/save.inc.php on line 173
[12-Nov-2021 07:20:11 Asia/Tokyo] PHP Warning:  preg_replace(): Unknown modifier 'g' in /home/users/1/kujirahand1914/web/n3s.nadesi.com/app/action/save.inc.php on line 173
[12-Nov-2021 07:28:17 Asia/Tokyo] PHP Warning:  preg_replace(): Unknown modifier 'g' in /home/users/1/kujirahand1914/web/n3s.nadesi.com/app/action/save.inc.php on line 173
[12-Nov-2021 07:29:40 Asia/Tokyo] PHP Warning:  preg_replace(): Unknown modifier 'g' in /home/users/1/kujirahand1914/web/n3s.nadesi.com/app/action/save.inc.php on line 173
[12-Nov-2021 07:34:08 Asia/Tokyo] PHP Warning:  preg_replace(): Unknown modifier 'g' in /home/users/1/kujirahand1914/web/n3s.nadesi.com/app/action/save.inc.php on line 173
[12-Nov-2021 08:05:23 Asia/Tokyo] PHP Warning:  preg_replace(): Unknown modifier 'g' in /home/users/1/kujirahand1914/web/n3s.nadesi.com/app/action/save.inc.php on line 173
[12-Nov-2021 08:05:42 Asia/Tokyo] PHP Warning:  preg_replace(): Unknown modifier 'g' in /home/users/1/kujirahand1914/web/n3s.nadesi.com/app/action/save.inc.php on line 173
[12-Nov-2021 08:23:13 Asia/Tokyo] PHP Warning:  preg_replace(): Unknown modifier 'g' in /home/users/1/kujirahand1914/web/n3s.nadesi.com/app/action/save.inc.php on line 173
[12-Nov-2021 08:28:32 Asia/Tokyo] PHP Notice:  Undefined index: app_name in /home/users/1/kujirahand1914/web/n3s.nadesi.com/app/action/show.inc.php on line 241
[12-Nov-2021 08:28:32 Asia/Tokyo] PHP Notice:  Undefined index: app_id in /home/users/1/kujirahand1914/web/n3s.nadesi.com/app/action/show.inc.php on line 241
[12-Nov-2021 08:28:32 Asia/Tokyo] PHP Warning:  preg_replace(): Unknown modifier 'g' in /home/users/1/kujirahand1914/web/n3s.nadesi.com/app/action/save.inc.php on line 173
[12-Nov-2021 08:39:25 Asia/Tokyo] PHP Warning:  preg_replace(): Unknown modifier 'g' in /home/users/1/kujirahand1914/web/n3s.nadesi.com/app/action/save.inc.php on line 173
[12-Nov-2021 08:40:05 Asia/Tokyo] PHP Warning:  preg_replace(): Unknown modifier 'g' in /home/users/1/kujirahand1914/web/n3s.nadesi.com/app/action/save.inc.php on line 173
[12-Nov-2021 08:57:20 Asia/Tokyo] PHP Warning:  preg_replace(): Unknown modifier 'g' in /home/users/1/kujirahand1914/web/n3s.nadesi.com/app/action/save.inc.php on line 173
[12-Nov-2021 08:57:20 Asia/Tokyo] PHP Warning:  preg_replace(): Unknown modifier 'g' in /home/users/1/kujirahand1914/web/n3s.nadesi.com/app/action/save.inc.php on line 173
[12-Nov-2021 09:10:00 Asia/Tokyo] PHP Warning:  preg_replace(): Unknown modifier 'g' in /home/users/1/kujirahand1914/web/n3s.nadesi.com/app/action/save.inc.php on line 173
[12-Nov-2021 09:36:45 Asia/Tokyo] PHP Warning:  preg_replace(): Unknown modifier 'g' in /home/users/1/kujirahand1914/web/n3s.nadesi.com/app/action/save.inc.php on line 173
[12-Nov-2021 09:39:05 Asia/Tokyo] PHP Warning:  preg_replace(): Unknown modifier 'g' in /home/users/1/kujirahand1914/web/n3s.nadesi.com/app/action/save.inc.php on line 173
[12-Nov-2021 09:45:39 Asia/Tokyo] PHP Warning:  preg_replace(): Unknown modifier 'g' in /home/users/1/kujirahand1914/web/n3s.nadesi.com/app/action/save.inc.php on line 173
[12-Nov-2021 09:53:40 Asia/Tokyo] PHP Warning:  preg_replace(): Unknown modifier 'g' in /home/users/1/kujirahand1914/web/n3s.nadesi.com/app/action/save.inc.php on line 173
[12-Nov-2021 10:12:17 Asia/Tokyo] PHP Notice:  Undefined index: app_name in /home/users/1/kujirahand1914/web/n3s.nadesi.com/app/action/show.inc.php on line 241
[12-Nov-2021 10:12:17 Asia/Tokyo] PHP Notice:  Undefined index: app_id in /home/users/1/kujirahand1914/web/n3s.nadesi.com/app/action/show.inc.php on line 241
[12-Nov-2021 10:12:17 Asia/Tokyo] PHP Warning:  preg_replace(): Unknown modifier 'g' in /home/users/1/kujirahand1914/web/n3s.nadesi.com/app/action/save.inc.php on line 173
[12-Nov-2021 10:13:33 Asia/Tokyo] PHP Warning:  preg_replace(): Unknown modifier 'g' in /home/users/1/kujirahand1914/web/n3s.nadesi.com/app/action/save.inc.php on line 173
[12-Nov-2021 10:14:49 Asia/Tokyo] PHP Notice:  Undefined index: app_name in /home/users/1/kujirahand1914/web/n3s.nadesi.com/app/action/show.inc.php on line 241
[12-Nov-2021 10:14:49 Asia/Tokyo] PHP Notice:  Undefined index: app_id in /home/users/1/kujirahand1914/web/n3s.nadesi.com/app/action/show.inc.php on line 241
[12-Nov-2021 10:14:49 Asia/Tokyo] PHP Warning:  preg_replace(): Unknown modifier 'g' in /home/users/1/kujirahand1914/web/n3s.nadesi.com/app/action/save.inc.php on line 173
[12-Nov-2021 10:17:47 Asia/Tokyo] PHP Warning:  preg_replace(): Unknown modifier 'g' in /home/users/1/kujirahand1914/web/n3s.nadesi.com/app/action/save.inc.php on line 173
[12-Nov-2021 10:18:00 Asia/Tokyo] PHP Warning:  preg_replace(): Unknown modifier 'g' in /home/users/1/kujirahand1914/web/n3s.nadesi.com/app/action/save.inc.php on line 173
[12-Nov-2021 10:21:35 Asia/Tokyo] PHP Warning:  preg_replace(): Unknown modifier 'g' in /home/users/1/kujirahand1914/web/n3s.nadesi.com/app/action/save.inc.php on line 173
[12-Nov-2021 10:44:58 Asia/Tokyo] PHP Warning:  preg_replace(): Unknown modifier 'g' in /home/users/1/kujirahand1914/web/n3s.nadesi.com/app/action/save.inc.php on line 173
[12-Nov-2021 11:07:02 Asia/Tokyo] PHP Warning:  preg_replace(): Unknown modifier 'g' in /home/users/1/kujirahand1914/web/n3s.nadesi.com/app/action/save.inc.php on line 173
[12-Nov-2021 11:08:46 Asia/Tokyo] PHP Warning:  preg_replace(): Unknown modifier 'g' in /home/users/1/kujirahand1914/web/n3s.nadesi.com/app/action/save.inc.php on line 173
[12-Nov-2021 11:18:00 Asia/Tokyo] PHP Warning:  preg_replace(): Unknown modifier 'g' in /home/users/1/kujirahand1914/web/n3s.nadesi.com/app/action/save.inc.php on line 173
[12-Nov-2021 11:26:05 Asia/Tokyo] PHP Warning:  preg_replace(): Unknown modifier 'g' in /home/users/1/kujirahand1914/web/n3s.nadesi.com/app/action/save.inc.php on line 173
[12-Nov-2021 11:29:39 Asia/Tokyo] PHP Warning:  preg_replace(): Unknown modifier 'g' in /home/users/1/kujirahand1914/web/n3s.nadesi.com/app/action/save.inc.php on line 173
[12-Nov-2021 11:34:32 Asia/Tokyo] PHP Warning:  preg_replace(): Unknown modifier 'g' in /home/users/1/kujirahand1914/web/n3s.nadesi.com/app/action/save.inc.php on line 173
[12-Nov-2021 11:37:20 Asia/Tokyo] PHP Notice:  Undefined index: app_name in /home/users/1/kujirahand1914/web/n3s.nadesi.com/app/action/show.inc.php on line 241
[12-Nov-2021 11:37:20 Asia/Tokyo] PHP Notice:  Undefined index: app_id in /home/users/1/kujirahand1914/web/n3s.nadesi.com/app/action/show.inc.php on line 241
[12-Nov-2021 12:43:41 Asia/Tokyo] PHP Notice:  Undefined index: app_name in /home/users/1/kujirahand1914/web/n3s.nadesi.com/app/action/show.inc.php on line 241
[12-Nov-2021 12:43:41 Asia/Tokyo] PHP Notice:  Undefined index: app_id in /home/users/1/kujirahand1914/web/n3s.nadesi.com/app/action/show.inc.php on line 241
[12-Nov-2021 13:01:59 Asia/Tokyo] PHP Notice:  Undefined index: app_name in /home/users/1/kujirahand1914/web/n3s.nadesi.com/app/action/show.inc.php on line 241
[12-Nov-2021 13:01:59 Asia/Tokyo] PHP Notice:  Undefined index: app_id in /home/users/1/kujirahand1914/web/n3s.nadesi.com/app/action/show.inc.php on line 241
[12-Nov-2021 13:01:59 Asia/Tokyo] PHP Notice:  Undefined index: nakotype in /home/users/1/kujirahand1914/web/n3s.nadesi.com/app/action/show.inc.php on line 242
[12-Nov-2021 14:23:19 Asia/Tokyo] PHP Notice:  Undefined index: app_name in /home/users/1/kujirahand1914/web/n3s.nadesi.com/app/action/show.inc.php on line 252
[12-Nov-2021 14:23:19 Asia/Tokyo] PHP Notice:  Undefined index: app_id in /home/users/1/kujirahand1914/web/n3s.nadesi.com/app/action/show.inc.php on line 252
[12-Nov-2021 14:23:19 Asia/Tokyo] PHP Notice:  Undefined index: nakotype in /home/users/1/kujirahand1914/web/n3s.nadesi.com/app/action/show.inc.php on line 253
[12-Nov-2021 14:25:12 Asia/Tokyo] PHP Notice:  Undefined index: app_name in /home/users/1/kujirahand1914/web/n3s.nadesi.com/app/action/show.inc.php on line 252
[12-Nov-2021 14:25:12 Asia/Tokyo] PHP Notice:  Undefined index: app_id in /home/users/1/kujirahand1914/web/n3s.nadesi.com/app/action/show.inc.php on line 252
[12-Nov-2021 14:25:12 Asia/Tokyo] PHP Notice:  Undefined index: nakotype in /home/users/1/kujirahand1914/web/n3s.nadesi.com/app/action/show.inc.php on line 253
[12-Nov-2021 14:26:08 Asia/Tokyo] PHP Notice:  Undefined index: app_name in /home/users/1/kujirahand1914/web/n3s.nadesi.com/app/action/show.inc.php on line 252
[12-Nov-2021 14:26:08 Asia/Tokyo] PHP Notice:  Undefined index: app_id in /home/users/1/kujirahand1914/web/n3s.nadesi.com/app/action/show.inc.php on line 252
[12-Nov-2021 14:26:08 Asia/Tokyo] PHP Notice:  Undefined index: nakotype in /home/users/1/kujirahand1914/web/n3s.nadesi.com/app/action/show.inc.php on line 253
[12-Nov-2021 14:27:02 Asia/Tokyo] PHP Notice:  Undefined index: app_name in /home/users/1/kujirahand1914/web/n3s.nadesi.com/app/action/show.inc.php on line 252
[12-Nov-2021 14:27:02 Asia/Tokyo] PHP Notice:  Undefined index: app_id in /home/users/1/kujirahand1914/web/n3s.nadesi.com/app/action/show.inc.php on line 252
[12-Nov-2021 14:27:02 Asia/Tokyo] PHP Notice:  Undefined index: nakotype in /home/users/1/kujirahand1914/web/n3s.nadesi.com/app/action/show.inc.php on line 253
[12-Nov-2021 14:27:28 Asia/Tokyo] PHP Notice:  Undefined index: app_name in /home/users/1/kujirahand1914/web/n3s.nadesi.com/app/action/show.inc.php on line 252
[12-Nov-2021 14:27:28 Asia/Tokyo] PHP Notice:  Undefined index: app_id in /home/users/1/kujirahand1914/web/n3s.nadesi.com/app/action/show.inc.php on line 252
[12-Nov-2021 14:27:28 Asia/Tokyo] PHP Notice:  Undefined index: nakotype in /home/users/1/kujirahand1914/web/n3s.nadesi.com/app/action/show.inc.php on line 253
[12-Nov-2021 14:32:04 Asia/Tokyo] PHP Notice:  Undefined index: app_name in /home/users/1/kujirahand1914/web/n3s.nadesi.com/app/action/show.inc.php on line 252
[12-Nov-2021 14:32:04 Asia/Tokyo] PHP Notice:  Undefined index: app_id in /home/users/1/kujirahand1914/web/n3s.nadesi.com/app/action/show.inc.php on line 252
[12-Nov-2021 14:32:04 Asia/Tokyo] PHP Notice:  Undefined index: nakotype in /home/users/1/kujirahand1914/web/n3s.nadesi.com/app/action/show.inc.php on line 253
