[08-Sep-2022 07:20:06 Asia/Tokyo] PHP Notice:  Undefined variable: run in /home/users/1/kujirahand1914/web/n3s.nadesi.com/cache/show_input_editkey.html.php on line 16
[10-Sep-2022 19:48:00 Asia/Tokyo] PHP Notice:  Undefined variable: run in /home/users/1/kujirahand1914/web/n3s.nadesi.com/cache/show_input_editkey.html.php on line 16
[10-Sep-2022 19:48:00 Asia/Tokyo] PHP Notice:  Undefined variable: run in /home/users/1/kujirahand1914/web/n3s.nadesi.com/cache/show_input_editkey.html.php on line 16
[10-Sep-2022 19:48:01 Asia/Tokyo] PHP Notice:  Undefined variable: run in /home/users/1/kujirahand1914/web/n3s.nadesi.com/cache/show_input_editkey.html.php on line 16
[10-Sep-2022 19:48:01 Asia/Tokyo] PHP Notice:  Undefined variable: run in /home/users/1/kujirahand1914/web/n3s.nadesi.com/cache/show_input_editkey.html.php on line 16
[10-Sep-2022 19:48:01 Asia/Tokyo] PHP Notice:  Undefined variable: run in /home/users/1/kujirahand1914/web/n3s.nadesi.com/cache/show_input_editkey.html.php on line 16
[10-Sep-2022 19:48:04 Asia/Tokyo] PHP Notice:  Undefined variable: run in /home/users/1/kujirahand1914/web/n3s.nadesi.com/cache/show_input_editkey.html.php on line 16
[10-Sep-2022 19:48:06 Asia/Tokyo] PHP Notice:  Undefined variable: run in /home/users/1/kujirahand1914/web/n3s.nadesi.com/cache/show_input_editkey.html.php on line 16
[10-Sep-2022 19:48:06 Asia/Tokyo] PHP Notice:  Undefined variable: run in /home/users/1/kujirahand1914/web/n3s.nadesi.com/cache/show_input_editkey.html.php on line 16
[10-Sep-2022 19:48:06 Asia/Tokyo] PHP Notice:  Undefined variable: run in /home/users/1/kujirahand1914/web/n3s.nadesi.com/cache/show_input_editkey.html.php on line 16
[10-Sep-2022 19:48:07 Asia/Tokyo] PHP Notice:  Undefined variable: run in /home/users/1/kujirahand1914/web/n3s.nadesi.com/cache/show_input_editkey.html.php on line 16
[10-Sep-2022 19:48:07 Asia/Tokyo] PHP Notice:  Undefined variable: run in /home/users/1/kujirahand1914/web/n3s.nadesi.com/cache/show_input_editkey.html.php on line 16
[10-Sep-2022 19:48:10 Asia/Tokyo] PHP Notice:  Undefined variable: run in /home/users/1/kujirahand1914/web/n3s.nadesi.com/cache/show_input_editkey.html.php on line 16
[10-Sep-2022 19:48:10 Asia/Tokyo] PHP Notice:  Undefined variable: run in /home/users/1/kujirahand1914/web/n3s.nadesi.com/cache/show_input_editkey.html.php on line 16
[10-Sep-2022 19:48:11 Asia/Tokyo] PHP Notice:  Undefined variable: run in /home/users/1/kujirahand1914/web/n3s.nadesi.com/cache/show_input_editkey.html.php on line 16
[10-Sep-2022 19:48:11 Asia/Tokyo] PHP Notice:  Undefined variable: run in /home/users/1/kujirahand1914/web/n3s.nadesi.com/cache/show_input_editkey.html.php on line 16
[10-Sep-2022 19:48:12 Asia/Tokyo] PHP Notice:  Undefined variable: run in /home/users/1/kujirahand1914/web/n3s.nadesi.com/cache/show_input_editkey.html.php on line 16
[10-Sep-2022 19:48:13 Asia/Tokyo] PHP Notice:  Undefined variable: run in /home/users/1/kujirahand1914/web/n3s.nadesi.com/cache/show_input_editkey.html.php on line 16
[10-Sep-2022 19:48:17 Asia/Tokyo] PHP Notice:  Undefined variable: run in /home/users/1/kujirahand1914/web/n3s.nadesi.com/cache/show_input_editkey.html.php on line 16
[10-Sep-2022 19:48:17 Asia/Tokyo] PHP Notice:  Undefined variable: run in /home/users/1/kujirahand1914/web/n3s.nadesi.com/cache/show_input_editkey.html.php on line 16
[11-Sep-2022 18:45:13 Asia/Tokyo] PHP Notice:  Undefined variable: bad in /home/users/1/kujirahand1914/web/n3s.nadesi.com/cache/show.html.php on line 178
[11-Sep-2022 23:14:15 Asia/Tokyo] PHP Notice:  Undefined variable: run in /home/users/1/kujirahand1914/web/n3s.nadesi.com/cache/show_input_editkey.html.php on line 16
[12-Sep-2022 14:50:00 Asia/Tokyo] PHP Notice:  Undefined variable: run in /home/users/1/kujirahand1914/web/n3s.nadesi.com/cache/show_input_editkey.html.php on line 16
[12-Sep-2022 17:58:48 Asia/Tokyo] PHP Notice:  Undefined variable: bad in /home/users/1/kujirahand1914/web/n3s.nadesi.com/cache/show.html.php on line 178
[13-Sep-2022 23:57:00 Asia/Tokyo] PHP Notice:  Undefined variable: bad in /home/users/1/kujirahand1914/web/n3s.nadesi.com/cache/show.html.php on line 178
[13-Sep-2022 23:57:02 Asia/Tokyo] PHP Notice:  Undefined variable: bad in /home/users/1/kujirahand1914/web/n3s.nadesi.com/cache/show.html.php on line 178
[13-Sep-2022 23:57:05 Asia/Tokyo] PHP Notice:  Undefined variable: bad in /home/users/1/kujirahand1914/web/n3s.nadesi.com/cache/show.html.php on line 178
[13-Sep-2022 23:57:07 Asia/Tokyo] PHP Notice:  Undefined variable: bad in /home/users/1/kujirahand1914/web/n3s.nadesi.com/cache/show.html.php on line 178
[13-Sep-2022 23:57:08 Asia/Tokyo] PHP Notice:  Undefined variable: bad in /home/users/1/kujirahand1914/web/n3s.nadesi.com/cache/show.html.php on line 178
[14-Sep-2022 22:18:52 Asia/Tokyo] PHP Notice:  Undefined variable: bad in /home/users/1/kujirahand1914/web/n3s.nadesi.com/cache/show.html.php on line 178
[14-Sep-2022 22:22:02 Asia/Tokyo] PHP Notice:  Undefined variable: bad in /home/users/1/kujirahand1914/web/n3s.nadesi.com/cache/show.html.php on line 178
[15-Sep-2022 13:41:48 Asia/Tokyo] PHP Notice:  Undefined variable: bad in /home/users/1/kujirahand1914/web/n3s.nadesi.com/cache/show.html.php on line 178
[15-Sep-2022 13:41:57 Asia/Tokyo] PHP Notice:  Undefined variable: bad in /home/users/1/kujirahand1914/web/n3s.nadesi.com/cache/show.html.php on line 178
[15-Sep-2022 13:42:00 Asia/Tokyo] PHP Notice:  Undefined variable: bad in /home/users/1/kujirahand1914/web/n3s.nadesi.com/cache/show.html.php on line 178
[15-Sep-2022 13:42:19 Asia/Tokyo] PHP Notice:  Undefined variable: bad in /home/users/1/kujirahand1914/web/n3s.nadesi.com/cache/show.html.php on line 178
[15-Sep-2022 13:42:25 Asia/Tokyo] PHP Notice:  Undefined variable: bad in /home/users/1/kujirahand1914/web/n3s.nadesi.com/cache/show.html.php on line 178
[15-Sep-2022 13:42:27 Asia/Tokyo] PHP Notice:  Undefined variable: bad in /home/users/1/kujirahand1914/web/n3s.nadesi.com/cache/show.html.php on line 178
[15-Sep-2022 13:42:38 Asia/Tokyo] PHP Notice:  Undefined variable: bad in /home/users/1/kujirahand1914/web/n3s.nadesi.com/cache/show.html.php on line 178
[15-Sep-2022 13:42:40 Asia/Tokyo] PHP Notice:  Undefined variable: bad in /home/users/1/kujirahand1914/web/n3s.nadesi.com/cache/show.html.php on line 178
[15-Sep-2022 13:42:46 Asia/Tokyo] PHP Notice:  Undefined variable: bad in /home/users/1/kujirahand1914/web/n3s.nadesi.com/cache/show.html.php on line 178
[15-Sep-2022 13:42:50 Asia/Tokyo] PHP Notice:  Undefined variable: bad in /home/users/1/kujirahand1914/web/n3s.nadesi.com/cache/show.html.php on line 178
[15-Sep-2022 13:42:58 Asia/Tokyo] PHP Notice:  Undefined variable: bad in /home/users/1/kujirahand1914/web/n3s.nadesi.com/cache/show.html.php on line 178
[15-Sep-2022 13:43:07 Asia/Tokyo] PHP Notice:  Undefined variable: bad in /home/users/1/kujirahand1914/web/n3s.nadesi.com/cache/show.html.php on line 178
[15-Sep-2022 13:43:15 Asia/Tokyo] PHP Notice:  Undefined variable: bad in /home/users/1/kujirahand1914/web/n3s.nadesi.com/cache/show.html.php on line 178
[15-Sep-2022 13:43:18 Asia/Tokyo] PHP Notice:  Undefined variable: bad in /home/users/1/kujirahand1914/web/n3s.nadesi.com/cache/show.html.php on line 178
[15-Sep-2022 13:43:21 Asia/Tokyo] PHP Notice:  Undefined variable: bad in /home/users/1/kujirahand1914/web/n3s.nadesi.com/cache/show.html.php on line 178
[15-Sep-2022 13:43:35 Asia/Tokyo] PHP Notice:  Undefined variable: bad in /home/users/1/kujirahand1914/web/n3s.nadesi.com/cache/show.html.php on line 178
[15-Sep-2022 13:43:48 Asia/Tokyo] PHP Notice:  Undefined variable: bad in /home/users/1/kujirahand1914/web/n3s.nadesi.com/cache/show.html.php on line 178
[15-Sep-2022 14:30:52 Asia/Tokyo] PHP Notice:  Undefined variable: bad in /home/users/1/kujirahand1914/web/n3s.nadesi.com/cache/show.html.php on line 178
[15-Sep-2022 14:30:55 Asia/Tokyo] PHP Notice:  Undefined variable: bad in /home/users/1/kujirahand1914/web/n3s.nadesi.com/cache/show.html.php on line 178
[15-Sep-2022 14:31:00 Asia/Tokyo] PHP Notice:  Undefined variable: bad in /home/users/1/kujirahand1914/web/n3s.nadesi.com/cache/show.html.php on line 178
[15-Sep-2022 14:31:03 Asia/Tokyo] PHP Notice:  Undefined variable: bad in /home/users/1/kujirahand1914/web/n3s.nadesi.com/cache/show.html.php on line 178
[15-Sep-2022 14:31:15 Asia/Tokyo] PHP Notice:  Undefined variable: bad in /home/users/1/kujirahand1914/web/n3s.nadesi.com/cache/show.html.php on line 178
[15-Sep-2022 14:31:18 Asia/Tokyo] PHP Notice:  Undefined variable: bad in /home/users/1/kujirahand1914/web/n3s.nadesi.com/cache/show.html.php on line 178
[15-Sep-2022 14:31:19 Asia/Tokyo] PHP Notice:  Undefined variable: bad in /home/users/1/kujirahand1914/web/n3s.nadesi.com/cache/show.html.php on line 178
[15-Sep-2022 14:31:26 Asia/Tokyo] PHP Notice:  Undefined variable: bad in /home/users/1/kujirahand1914/web/n3s.nadesi.com/cache/show.html.php on line 178
[15-Sep-2022 14:31:27 Asia/Tokyo] PHP Notice:  Undefined variable: bad in /home/users/1/kujirahand1914/web/n3s.nadesi.com/cache/show.html.php on line 178
[15-Sep-2022 14:31:30 Asia/Tokyo] PHP Notice:  Undefined variable: bad in /home/users/1/kujirahand1914/web/n3s.nadesi.com/cache/show.html.php on line 178
[15-Sep-2022 14:31:37 Asia/Tokyo] PHP Notice:  Undefined variable: bad in /home/users/1/kujirahand1914/web/n3s.nadesi.com/cache/show.html.php on line 178
[15-Sep-2022 14:31:39 Asia/Tokyo] PHP Notice:  Undefined variable: bad in /home/users/1/kujirahand1914/web/n3s.nadesi.com/cache/show.html.php on line 178
[15-Sep-2022 14:31:40 Asia/Tokyo] PHP Notice:  Undefined variable: bad in /home/users/1/kujirahand1914/web/n3s.nadesi.com/cache/show.html.php on line 178
[15-Sep-2022 14:31:44 Asia/Tokyo] PHP Notice:  Undefined variable: bad in /home/users/1/kujirahand1914/web/n3s.nadesi.com/cache/show.html.php on line 178
[15-Sep-2022 14:31:50 Asia/Tokyo] PHP Notice:  Undefined variable: bad in /home/users/1/kujirahand1914/web/n3s.nadesi.com/cache/show.html.php on line 178
[15-Sep-2022 14:32:01 Asia/Tokyo] PHP Notice:  Undefined variable: bad in /home/users/1/kujirahand1914/web/n3s.nadesi.com/cache/show.html.php on line 178
[15-Sep-2022 14:32:05 Asia/Tokyo] PHP Notice:  Undefined variable: bad in /home/users/1/kujirahand1914/web/n3s.nadesi.com/cache/show.html.php on line 178
[15-Sep-2022 14:32:07 Asia/Tokyo] PHP Notice:  Undefined variable: bad in /home/users/1/kujirahand1914/web/n3s.nadesi.com/cache/show.html.php on line 178
[15-Sep-2022 14:32:10 Asia/Tokyo] PHP Notice:  Undefined variable: bad in /home/users/1/kujirahand1914/web/n3s.nadesi.com/cache/show.html.php on line 178
[15-Sep-2022 14:32:13 Asia/Tokyo] PHP Notice:  Undefined variable: bad in /home/users/1/kujirahand1914/web/n3s.nadesi.com/cache/show.html.php on line 178
[15-Sep-2022 14:32:19 Asia/Tokyo] PHP Notice:  Undefined variable: bad in /home/users/1/kujirahand1914/web/n3s.nadesi.com/cache/show.html.php on line 178
[15-Sep-2022 14:32:24 Asia/Tokyo] PHP Notice:  Undefined variable: bad in /home/users/1/kujirahand1914/web/n3s.nadesi.com/cache/show.html.php on line 178
[15-Sep-2022 14:32:36 Asia/Tokyo] PHP Notice:  Undefined variable: bad in /home/users/1/kujirahand1914/web/n3s.nadesi.com/cache/show.html.php on line 178
[15-Sep-2022 14:32:38 Asia/Tokyo] PHP Notice:  Undefined variable: bad in /home/users/1/kujirahand1914/web/n3s.nadesi.com/cache/show.html.php on line 178
[15-Sep-2022 14:32:45 Asia/Tokyo] PHP Notice:  Undefined variable: bad in /home/users/1/kujirahand1914/web/n3s.nadesi.com/cache/show.html.php on line 178
[15-Sep-2022 14:32:46 Asia/Tokyo] PHP Notice:  Undefined variable: bad in /home/users/1/kujirahand1914/web/n3s.nadesi.com/cache/show.html.php on line 178
[15-Sep-2022 14:32:55 Asia/Tokyo] PHP Notice:  Undefined variable: bad in /home/users/1/kujirahand1914/web/n3s.nadesi.com/cache/show.html.php on line 178
[15-Sep-2022 14:33:02 Asia/Tokyo] PHP Notice:  Undefined variable: bad in /home/users/1/kujirahand1914/web/n3s.nadesi.com/cache/show.html.php on line 178
[15-Sep-2022 14:33:05 Asia/Tokyo] PHP Notice:  Undefined variable: bad in /home/users/1/kujirahand1914/web/n3s.nadesi.com/cache/show.html.php on line 178
[15-Sep-2022 14:33:12 Asia/Tokyo] PHP Notice:  Undefined variable: bad in /home/users/1/kujirahand1914/web/n3s.nadesi.com/cache/show.html.php on line 178
[15-Sep-2022 14:33:15 Asia/Tokyo] PHP Notice:  Undefined variable: bad in /home/users/1/kujirahand1914/web/n3s.nadesi.com/cache/show.html.php on line 178
[15-Sep-2022 14:33:17 Asia/Tokyo] PHP Notice:  Undefined variable: bad in /home/users/1/kujirahand1914/web/n3s.nadesi.com/cache/show.html.php on line 178
[15-Sep-2022 14:33:24 Asia/Tokyo] PHP Notice:  Undefined variable: bad in /home/users/1/kujirahand1914/web/n3s.nadesi.com/cache/show.html.php on line 178
[15-Sep-2022 14:33:26 Asia/Tokyo] PHP Notice:  Undefined variable: bad in /home/users/1/kujirahand1914/web/n3s.nadesi.com/cache/show.html.php on line 178
[15-Sep-2022 14:33:28 Asia/Tokyo] PHP Notice:  Undefined variable: bad in /home/users/1/kujirahand1914/web/n3s.nadesi.com/cache/show.html.php on line 178
[16-Sep-2022 11:50:30 Asia/Tokyo] PHP Notice:  Undefined variable: bad in /home/users/1/kujirahand1914/web/n3s.nadesi.com/cache/show.html.php on line 178
[16-Sep-2022 17:51:33 Asia/Tokyo] PHP Notice:  Undefined variable: bad in /home/users/1/kujirahand1914/web/n3s.nadesi.com/cache/show.html.php on line 178
[17-Sep-2022 14:32:26 Asia/Tokyo] PHP Notice:  Undefined variable: bad in /home/users/1/kujirahand1914/web/n3s.nadesi.com/cache/show.html.php on line 178
[17-Sep-2022 14:32:38 Asia/Tokyo] PHP Notice:  Undefined variable: bad in /home/users/1/kujirahand1914/web/n3s.nadesi.com/cache/show.html.php on line 178
[17-Sep-2022 14:33:04 Asia/Tokyo] PHP Notice:  Undefined variable: bad in /home/users/1/kujirahand1914/web/n3s.nadesi.com/cache/show.html.php on line 178
[17-Sep-2022 14:33:08 Asia/Tokyo] PHP Notice:  Undefined variable: bad in /home/users/1/kujirahand1914/web/n3s.nadesi.com/cache/show.html.php on line 178
[17-Sep-2022 14:33:12 Asia/Tokyo] PHP Notice:  Undefined variable: bad in /home/users/1/kujirahand1914/web/n3s.nadesi.com/cache/show.html.php on line 178
[17-Sep-2022 14:33:29 Asia/Tokyo] PHP Notice:  Undefined variable: bad in /home/users/1/kujirahand1914/web/n3s.nadesi.com/cache/show.html.php on line 178
[18-Sep-2022 03:20:18 Asia/Tokyo] PHP Notice:  Undefined variable: bad in /home/users/1/kujirahand1914/web/n3s.nadesi.com/cache/show.html.php on line 178
[18-Sep-2022 03:20:25 Asia/Tokyo] PHP Notice:  Undefined variable: bad in /home/users/1/kujirahand1914/web/n3s.nadesi.com/cache/show.html.php on line 178
[18-Sep-2022 03:20:30 Asia/Tokyo] PHP Notice:  Undefined variable: bad in /home/users/1/kujirahand1914/web/n3s.nadesi.com/cache/show.html.php on line 178
[18-Sep-2022 03:20:32 Asia/Tokyo] PHP Notice:  Undefined variable: bad in /home/users/1/kujirahand1914/web/n3s.nadesi.com/cache/show.html.php on line 178
[18-Sep-2022 03:20:39 Asia/Tokyo] PHP Notice:  Undefined variable: bad in /home/users/1/kujirahand1914/web/n3s.nadesi.com/cache/show.html.php on line 178
[18-Sep-2022 03:20:55 Asia/Tokyo] PHP Notice:  Undefined variable: bad in /home/users/1/kujirahand1914/web/n3s.nadesi.com/cache/show.html.php on line 178
[18-Sep-2022 03:20:58 Asia/Tokyo] PHP Notice:  Undefined variable: bad in /home/users/1/kujirahand1914/web/n3s.nadesi.com/cache/show.html.php on line 178
[19-Sep-2022 09:49:14 Asia/Tokyo] PHP Notice:  Undefined variable: bad in /home/users/1/kujirahand1914/web/n3s.nadesi.com/cache/show.html.php on line 178
[19-Sep-2022 18:41:42 Asia/Tokyo] PHP Notice:  Undefined variable: bad in /home/users/1/kujirahand1914/web/n3s.nadesi.com/cache/show.html.php on line 178
[19-Sep-2022 18:41:42 Asia/Tokyo] PHP Notice:  Undefined variable: bad in /home/users/1/kujirahand1914/web/n3s.nadesi.com/cache/show.html.php on line 178
[19-Sep-2022 18:41:52 Asia/Tokyo] PHP Notice:  Undefined variable: bad in /home/users/1/kujirahand1914/web/n3s.nadesi.com/cache/show.html.php on line 178
[19-Sep-2022 18:41:53 Asia/Tokyo] PHP Notice:  Undefined variable: bad in /home/users/1/kujirahand1914/web/n3s.nadesi.com/cache/show.html.php on line 178
[19-Sep-2022 18:41:53 Asia/Tokyo] PHP Notice:  Undefined variable: bad in /home/users/1/kujirahand1914/web/n3s.nadesi.com/cache/show.html.php on line 178
[19-Sep-2022 18:41:53 Asia/Tokyo] PHP Notice:  Undefined variable: bad in /home/users/1/kujirahand1914/web/n3s.nadesi.com/cache/show.html.php on line 178
[19-Sep-2022 18:41:54 Asia/Tokyo] PHP Notice:  Undefined variable: bad in /home/users/1/kujirahand1914/web/n3s.nadesi.com/cache/show.html.php on line 178
[19-Sep-2022 18:41:54 Asia/Tokyo] PHP Notice:  Undefined variable: bad in /home/users/1/kujirahand1914/web/n3s.nadesi.com/cache/show.html.php on line 178
[19-Sep-2022 18:41:54 Asia/Tokyo] PHP Notice:  Undefined variable: bad in /home/users/1/kujirahand1914/web/n3s.nadesi.com/cache/show.html.php on line 178
[19-Sep-2022 18:41:54 Asia/Tokyo] PHP Notice:  Undefined variable: bad in /home/users/1/kujirahand1914/web/n3s.nadesi.com/cache/show.html.php on line 178
[19-Sep-2022 18:41:55 Asia/Tokyo] PHP Notice:  Undefined variable: bad in /home/users/1/kujirahand1914/web/n3s.nadesi.com/cache/show.html.php on line 178
[19-Sep-2022 18:41:55 Asia/Tokyo] PHP Notice:  Undefined variable: bad in /home/users/1/kujirahand1914/web/n3s.nadesi.com/cache/show.html.php on line 178
[19-Sep-2022 18:41:55 Asia/Tokyo] PHP Notice:  Undefined variable: bad in /home/users/1/kujirahand1914/web/n3s.nadesi.com/cache/show.html.php on line 178
[19-Sep-2022 18:41:56 Asia/Tokyo] PHP Notice:  Undefined variable: bad in /home/users/1/kujirahand1914/web/n3s.nadesi.com/cache/show.html.php on line 178
[19-Sep-2022 18:41:56 Asia/Tokyo] PHP Notice:  Undefined variable: bad in /home/users/1/kujirahand1914/web/n3s.nadesi.com/cache/show.html.php on line 178
[19-Sep-2022 18:41:56 Asia/Tokyo] PHP Notice:  Undefined variable: bad in /home/users/1/kujirahand1914/web/n3s.nadesi.com/cache/show.html.php on line 178
[19-Sep-2022 18:41:57 Asia/Tokyo] PHP Notice:  Undefined variable: bad in /home/users/1/kujirahand1914/web/n3s.nadesi.com/cache/show.html.php on line 178
[19-Sep-2022 18:41:57 Asia/Tokyo] PHP Notice:  Undefined variable: bad in /home/users/1/kujirahand1914/web/n3s.nadesi.com/cache/show.html.php on line 178
[19-Sep-2022 18:41:57 Asia/Tokyo] PHP Notice:  Undefined variable: bad in /home/users/1/kujirahand1914/web/n3s.nadesi.com/cache/show.html.php on line 178
[19-Sep-2022 18:41:57 Asia/Tokyo] PHP Notice:  Undefined variable: bad in /home/users/1/kujirahand1914/web/n3s.nadesi.com/cache/show.html.php on line 178
[19-Sep-2022 18:41:58 Asia/Tokyo] PHP Notice:  Undefined variable: bad in /home/users/1/kujirahand1914/web/n3s.nadesi.com/cache/show.html.php on line 178
[21-Sep-2022 04:25:12 Asia/Tokyo] PHP Notice:  Undefined variable: bad in /home/users/1/kujirahand1914/web/n3s.nadesi.com/cache/show.html.php on line 178
[22-Sep-2022 10:18:15 Asia/Tokyo] PHP Notice:  Undefined variable: bad in /home/users/1/kujirahand1914/web/n3s.nadesi.com/cache/show.html.php on line 178
[24-Sep-2022 02:03:32 Asia/Tokyo] PHP Notice:  Undefined variable: bad in /home/users/1/kujirahand1914/web/n3s.nadesi.com/cache/show.html.php on line 178
[24-Sep-2022 04:33:55 Asia/Tokyo] PHP Notice:  Undefined variable: bad in /home/users/1/kujirahand1914/web/n3s.nadesi.com/cache/show.html.php on line 178
[25-Sep-2022 17:02:18 Asia/Tokyo] PHP Notice:  Undefined variable: run in /home/users/1/kujirahand1914/web/n3s.nadesi.com/cache/show_input_editkey.html.php on line 16
[27-Sep-2022 07:07:01 Asia/Tokyo] PHP Notice:  Undefined variable: bad in /home/users/1/kujirahand1914/web/n3s.nadesi.com/cache/show.html.php on line 178
[27-Sep-2022 19:10:22 Asia/Tokyo] PHP Notice:  Undefined variable: bad in /home/users/1/kujirahand1914/web/n3s.nadesi.com/cache/show.html.php on line 178
[27-Sep-2022 19:10:30 Asia/Tokyo] PHP Notice:  Undefined variable: bad in /home/users/1/kujirahand1914/web/n3s.nadesi.com/cache/show.html.php on line 178
[27-Sep-2022 19:10:31 Asia/Tokyo] PHP Notice:  Undefined variable: bad in /home/users/1/kujirahand1914/web/n3s.nadesi.com/cache/show.html.php on line 178
[27-Sep-2022 19:10:39 Asia/Tokyo] PHP Notice:  Undefined variable: bad in /home/users/1/kujirahand1914/web/n3s.nadesi.com/cache/show.html.php on line 178
[27-Sep-2022 19:10:39 Asia/Tokyo] PHP Notice:  Undefined variable: bad in /home/users/1/kujirahand1914/web/n3s.nadesi.com/cache/show.html.php on line 178
[27-Sep-2022 19:10:41 Asia/Tokyo] PHP Notice:  Undefined variable: bad in /home/users/1/kujirahand1914/web/n3s.nadesi.com/cache/show.html.php on line 178
[27-Sep-2022 19:10:48 Asia/Tokyo] PHP Notice:  Undefined variable: bad in /home/users/1/kujirahand1914/web/n3s.nadesi.com/cache/show.html.php on line 178
[27-Sep-2022 19:10:50 Asia/Tokyo] PHP Notice:  Undefined variable: bad in /home/users/1/kujirahand1914/web/n3s.nadesi.com/cache/show.html.php on line 178
[27-Sep-2022 19:10:58 Asia/Tokyo] PHP Notice:  Undefined variable: bad in /home/users/1/kujirahand1914/web/n3s.nadesi.com/cache/show.html.php on line 178
[27-Sep-2022 19:11:00 Asia/Tokyo] PHP Notice:  Undefined variable: bad in /home/users/1/kujirahand1914/web/n3s.nadesi.com/cache/show.html.php on line 178
[27-Sep-2022 19:11:04 Asia/Tokyo] PHP Notice:  Undefined variable: bad in /home/users/1/kujirahand1914/web/n3s.nadesi.com/cache/show.html.php on line 178
[27-Sep-2022 19:11:05 Asia/Tokyo] PHP Notice:  Undefined variable: bad in /home/users/1/kujirahand1914/web/n3s.nadesi.com/cache/show.html.php on line 178
[27-Sep-2022 19:11:19 Asia/Tokyo] PHP Notice:  Undefined variable: bad in /home/users/1/kujirahand1914/web/n3s.nadesi.com/cache/show.html.php on line 178
[27-Sep-2022 19:11:25 Asia/Tokyo] PHP Notice:  Undefined variable: bad in /home/users/1/kujirahand1914/web/n3s.nadesi.com/cache/show.html.php on line 178
[27-Sep-2022 19:11:29 Asia/Tokyo] PHP Notice:  Undefined variable: bad in /home/users/1/kujirahand1914/web/n3s.nadesi.com/cache/show.html.php on line 178
[27-Sep-2022 19:11:35 Asia/Tokyo] PHP Notice:  Undefined variable: bad in /home/users/1/kujirahand1914/web/n3s.nadesi.com/cache/show.html.php on line 178
[27-Sep-2022 19:11:36 Asia/Tokyo] PHP Notice:  Undefined variable: bad in /home/users/1/kujirahand1914/web/n3s.nadesi.com/cache/show.html.php on line 178
[27-Sep-2022 19:11:43 Asia/Tokyo] PHP Notice:  Undefined variable: bad in /home/users/1/kujirahand1914/web/n3s.nadesi.com/cache/show.html.php on line 178
[27-Sep-2022 19:11:48 Asia/Tokyo] PHP Notice:  Undefined variable: bad in /home/users/1/kujirahand1914/web/n3s.nadesi.com/cache/show.html.php on line 178
[27-Sep-2022 19:11:50 Asia/Tokyo] PHP Notice:  Undefined variable: bad in /home/users/1/kujirahand1914/web/n3s.nadesi.com/cache/show.html.php on line 178
[27-Sep-2022 19:11:51 Asia/Tokyo] PHP Notice:  Undefined variable: bad in /home/users/1/kujirahand1914/web/n3s.nadesi.com/cache/show.html.php on line 178
[27-Sep-2022 19:11:52 Asia/Tokyo] PHP Notice:  Undefined variable: bad in /home/users/1/kujirahand1914/web/n3s.nadesi.com/cache/show.html.php on line 178
[27-Sep-2022 19:11:54 Asia/Tokyo] PHP Notice:  Undefined variable: bad in /home/users/1/kujirahand1914/web/n3s.nadesi.com/cache/show.html.php on line 178
[27-Sep-2022 19:12:03 Asia/Tokyo] PHP Notice:  Undefined variable: bad in /home/users/1/kujirahand1914/web/n3s.nadesi.com/cache/show.html.php on line 178
[30-Sep-2022 15:20:13 Asia/Tokyo] PHP Notice:  Undefined variable: bad in /home/users/1/kujirahand1914/web/n3s.nadesi.com/cache/show.html.php on line 178
[03-Oct-2022 14:33:30 Asia/Tokyo] PHP Notice:  Undefined variable: bad in /home/users/1/kujirahand1914/web/n3s.nadesi.com/cache/show.html.php on line 178
[03-Oct-2022 14:33:33 Asia/Tokyo] PHP Notice:  Undefined variable: bad in /home/users/1/kujirahand1914/web/n3s.nadesi.com/cache/show.html.php on line 178
[03-Oct-2022 14:33:43 Asia/Tokyo] PHP Notice:  Undefined variable: bad in /home/users/1/kujirahand1914/web/n3s.nadesi.com/cache/show.html.php on line 178
[03-Oct-2022 14:33:45 Asia/Tokyo] PHP Notice:  Undefined variable: bad in /home/users/1/kujirahand1914/web/n3s.nadesi.com/cache/show.html.php on line 178
[03-Oct-2022 14:33:55 Asia/Tokyo] PHP Notice:  Undefined variable: bad in /home/users/1/kujirahand1914/web/n3s.nadesi.com/cache/show.html.php on line 178
[05-Oct-2022 20:37:42 Asia/Tokyo] PHP Notice:  Undefined variable: run in /home/users/1/kujirahand1914/web/n3s.nadesi.com/cache/show_input_editkey.html.php on line 16
[07-Oct-2022 20:40:10 Asia/Tokyo] PHP Notice:  Undefined variable: bad in /home/users/1/kujirahand1914/web/n3s.nadesi.com/cache/show.html.php on line 178
[07-Oct-2022 21:31:50 Asia/Tokyo] PHP Notice:  Undefined variable: bad in /home/users/1/kujirahand1914/web/n3s.nadesi.com/cache/show.html.php on line 178
[07-Oct-2022 21:31:50 Asia/Tokyo] PHP Notice:  Undefined variable: bad in /home/users/1/kujirahand1914/web/n3s.nadesi.com/cache/show.html.php on line 178
[07-Oct-2022 21:32:09 Asia/Tokyo] PHP Notice:  Undefined variable: bad in /home/users/1/kujirahand1914/web/n3s.nadesi.com/cache/show.html.php on line 178
[07-Oct-2022 21:32:10 Asia/Tokyo] PHP Notice:  Undefined variable: bad in /home/users/1/kujirahand1914/web/n3s.nadesi.com/cache/show.html.php on line 178
[07-Oct-2022 21:32:10 Asia/Tokyo] PHP Notice:  Undefined variable: bad in /home/users/1/kujirahand1914/web/n3s.nadesi.com/cache/show.html.php on line 178
[07-Oct-2022 21:32:11 Asia/Tokyo] PHP Notice:  Undefined variable: bad in /home/users/1/kujirahand1914/web/n3s.nadesi.com/cache/show.html.php on line 178
[07-Oct-2022 21:32:11 Asia/Tokyo] PHP Notice:  Undefined variable: bad in /home/users/1/kujirahand1914/web/n3s.nadesi.com/cache/show.html.php on line 178
[07-Oct-2022 21:32:11 Asia/Tokyo] PHP Notice:  Undefined variable: bad in /home/users/1/kujirahand1914/web/n3s.nadesi.com/cache/show.html.php on line 178
[07-Oct-2022 21:32:12 Asia/Tokyo] PHP Notice:  Undefined variable: bad in /home/users/1/kujirahand1914/web/n3s.nadesi.com/cache/show.html.php on line 178
[07-Oct-2022 21:32:12 Asia/Tokyo] PHP Notice:  Undefined variable: bad in /home/users/1/kujirahand1914/web/n3s.nadesi.com/cache/show.html.php on line 178
[07-Oct-2022 21:32:12 Asia/Tokyo] PHP Notice:  Undefined variable: bad in /home/users/1/kujirahand1914/web/n3s.nadesi.com/cache/show.html.php on line 178
[07-Oct-2022 21:32:12 Asia/Tokyo] PHP Notice:  Undefined variable: bad in /home/users/1/kujirahand1914/web/n3s.nadesi.com/cache/show.html.php on line 178
[07-Oct-2022 21:32:12 Asia/Tokyo] PHP Notice:  Undefined variable: bad in /home/users/1/kujirahand1914/web/n3s.nadesi.com/cache/show.html.php on line 178
[07-Oct-2022 21:32:13 Asia/Tokyo] PHP Notice:  Undefined variable: bad in /home/users/1/kujirahand1914/web/n3s.nadesi.com/cache/show.html.php on line 178
[07-Oct-2022 21:32:13 Asia/Tokyo] PHP Notice:  Undefined variable: bad in /home/users/1/kujirahand1914/web/n3s.nadesi.com/cache/show.html.php on line 178
[07-Oct-2022 21:32:13 Asia/Tokyo] PHP Notice:  Undefined variable: bad in /home/users/1/kujirahand1914/web/n3s.nadesi.com/cache/show.html.php on line 178
[07-Oct-2022 21:32:14 Asia/Tokyo] PHP Notice:  Undefined variable: bad in /home/users/1/kujirahand1914/web/n3s.nadesi.com/cache/show.html.php on line 178
[07-Oct-2022 21:32:14 Asia/Tokyo] PHP Notice:  Undefined variable: bad in /home/users/1/kujirahand1914/web/n3s.nadesi.com/cache/show.html.php on line 178
[07-Oct-2022 21:32:14 Asia/Tokyo] PHP Notice:  Undefined variable: bad in /home/users/1/kujirahand1914/web/n3s.nadesi.com/cache/show.html.php on line 178
[07-Oct-2022 21:32:14 Asia/Tokyo] PHP Notice:  Undefined variable: bad in /home/users/1/kujirahand1914/web/n3s.nadesi.com/cache/show.html.php on line 178
[07-Oct-2022 21:32:15 Asia/Tokyo] PHP Notice:  Undefined variable: bad in /home/users/1/kujirahand1914/web/n3s.nadesi.com/cache/show.html.php on line 178
[08-Oct-2022 12:42:59 Asia/Tokyo] PHP Notice:  Undefined variable: bad in /home/users/1/kujirahand1914/web/n3s.nadesi.com/cache/show.html.php on line 178
[08-Oct-2022 12:43:01 Asia/Tokyo] PHP Notice:  Undefined variable: bad in /home/users/1/kujirahand1914/web/n3s.nadesi.com/cache/show.html.php on line 178
[08-Oct-2022 12:43:03 Asia/Tokyo] PHP Notice:  Undefined variable: bad in /home/users/1/kujirahand1914/web/n3s.nadesi.com/cache/show.html.php on line 178
[08-Oct-2022 12:43:04 Asia/Tokyo] PHP Notice:  Undefined variable: bad in /home/users/1/kujirahand1914/web/n3s.nadesi.com/cache/show.html.php on line 178
[08-Oct-2022 12:43:06 Asia/Tokyo] PHP Notice:  Undefined variable: bad in /home/users/1/kujirahand1914/web/n3s.nadesi.com/cache/show.html.php on line 178
[08-Oct-2022 12:43:07 Asia/Tokyo] PHP Notice:  Undefined variable: bad in /home/users/1/kujirahand1914/web/n3s.nadesi.com/cache/show.html.php on line 178
[08-Oct-2022 12:43:08 Asia/Tokyo] PHP Notice:  Undefined variable: bad in /home/users/1/kujirahand1914/web/n3s.nadesi.com/cache/show.html.php on line 178
[09-Oct-2022 06:20:58 Asia/Tokyo] PHP Notice:  Undefined variable: bad in /home/users/1/kujirahand1914/web/n3s.nadesi.com/cache/show.html.php on line 178
[09-Oct-2022 06:20:58 Asia/Tokyo] PHP Notice:  Undefined variable: bad in /home/users/1/kujirahand1914/web/n3s.nadesi.com/cache/show.html.php on line 178
[09-Oct-2022 06:21:09 Asia/Tokyo] PHP Notice:  Undefined variable: bad in /home/users/1/kujirahand1914/web/n3s.nadesi.com/cache/show.html.php on line 178
[09-Oct-2022 06:21:10 Asia/Tokyo] PHP Notice:  Undefined variable: bad in /home/users/1/kujirahand1914/web/n3s.nadesi.com/cache/show.html.php on line 178
[09-Oct-2022 06:21:10 Asia/Tokyo] PHP Notice:  Undefined variable: bad in /home/users/1/kujirahand1914/web/n3s.nadesi.com/cache/show.html.php on line 178
[09-Oct-2022 06:21:10 Asia/Tokyo] PHP Notice:  Undefined variable: bad in /home/users/1/kujirahand1914/web/n3s.nadesi.com/cache/show.html.php on line 178
[09-Oct-2022 06:21:10 Asia/Tokyo] PHP Notice:  Undefined variable: bad in /home/users/1/kujirahand1914/web/n3s.nadesi.com/cache/show.html.php on line 178
[09-Oct-2022 06:21:11 Asia/Tokyo] PHP Notice:  Undefined variable: bad in /home/users/1/kujirahand1914/web/n3s.nadesi.com/cache/show.html.php on line 178
[09-Oct-2022 06:21:11 Asia/Tokyo] PHP Notice:  Undefined variable: bad in /home/users/1/kujirahand1914/web/n3s.nadesi.com/cache/show.html.php on line 178
[09-Oct-2022 06:21:11 Asia/Tokyo] PHP Notice:  Undefined variable: bad in /home/users/1/kujirahand1914/web/n3s.nadesi.com/cache/show.html.php on line 178
[09-Oct-2022 06:21:11 Asia/Tokyo] PHP Notice:  Undefined variable: bad in /home/users/1/kujirahand1914/web/n3s.nadesi.com/cache/show.html.php on line 178
[09-Oct-2022 06:21:12 Asia/Tokyo] PHP Notice:  Undefined variable: bad in /home/users/1/kujirahand1914/web/n3s.nadesi.com/cache/show.html.php on line 178
[09-Oct-2022 06:21:12 Asia/Tokyo] PHP Notice:  Undefined variable: bad in /home/users/1/kujirahand1914/web/n3s.nadesi.com/cache/show.html.php on line 178
[09-Oct-2022 06:21:12 Asia/Tokyo] PHP Notice:  Undefined variable: bad in /home/users/1/kujirahand1914/web/n3s.nadesi.com/cache/show.html.php on line 178
[09-Oct-2022 06:21:12 Asia/Tokyo] PHP Notice:  Undefined variable: bad in /home/users/1/kujirahand1914/web/n3s.nadesi.com/cache/show.html.php on line 178
[09-Oct-2022 06:21:13 Asia/Tokyo] PHP Notice:  Undefined variable: bad in /home/users/1/kujirahand1914/web/n3s.nadesi.com/cache/show.html.php on line 178
[09-Oct-2022 06:21:13 Asia/Tokyo] PHP Notice:  Undefined variable: bad in /home/users/1/kujirahand1914/web/n3s.nadesi.com/cache/show.html.php on line 178
[09-Oct-2022 06:21:14 Asia/Tokyo] PHP Notice:  Undefined variable: bad in /home/users/1/kujirahand1914/web/n3s.nadesi.com/cache/show.html.php on line 178
[09-Oct-2022 06:21:14 Asia/Tokyo] PHP Notice:  Undefined variable: bad in /home/users/1/kujirahand1914/web/n3s.nadesi.com/cache/show.html.php on line 178
[09-Oct-2022 06:21:15 Asia/Tokyo] PHP Notice:  Undefined variable: bad in /home/users/1/kujirahand1914/web/n3s.nadesi.com/cache/show.html.php on line 178
[09-Oct-2022 06:21:15 Asia/Tokyo] PHP Notice:  Undefined variable: bad in /home/users/1/kujirahand1914/web/n3s.nadesi.com/cache/show.html.php on line 178
[09-Oct-2022 16:02:04 Asia/Tokyo] PHP Notice:  Undefined variable: e in /home/users/1/kujirahand1914/web/n3s.nadesi.com/app/action/login.inc.php on line 100
[09-Oct-2022 16:02:04 Asia/Tokyo] PHP Fatal error:  Uncaught Error: Call to a member function getMessage() on null in /home/users/1/kujirahand1914/web/n3s.nadesi.com/app/action/login.inc.php:100
Stack trace:
#0 /home/users/1/kujirahand1914/web/n3s.nadesi.com/app/action/login.inc.php(34): n3s_web_login_callback()
#1 /home/users/1/kujirahand1914/web/n3s.nadesi.com/app/index.inc.php(42): n3s_web_login()
#2 /home/users/1/kujirahand1914/web/n3s.nadesi.com/app/index.inc.php(18): n3s_action()
#3 /home/users/1/kujirahand1914/web/n3s.nadesi.com/app/index.inc.php(12): n3s_main()
#4 /home/users/1/kujirahand1914/web/n3s.nadesi.com/index.php(17): include_once('/home/users/1/k...')
#5 /home/users/1/kujirahand1914/web/n3s.nadesi.com/callback.php(5): require('/home/users/1/k...')
#6 {main}
  thrown in /home/users/1/kujirahand1914/web/n3s.nadesi.com/app/action/login.inc.php on line 100
[10-Oct-2022 19:02:28 Asia/Tokyo] PHP Notice:  Undefined variable: run in /home/users/1/kujirahand1914/web/n3s.nadesi.com/cache/show_input_editkey.html.php on line 16
[10-Oct-2022 19:02:53 Asia/Tokyo] PHP Notice:  Undefined variable: run in /home/users/1/kujirahand1914/web/n3s.nadesi.com/cache/show_input_editkey.html.php on line 16
[10-Oct-2022 19:04:26 Asia/Tokyo] PHP Notice:  Undefined variable: run in /home/users/1/kujirahand1914/web/n3s.nadesi.com/cache/show_input_editkey.html.php on line 16
[10-Oct-2022 19:04:44 Asia/Tokyo] PHP Notice:  Undefined variable: run in /home/users/1/kujirahand1914/web/n3s.nadesi.com/cache/show_input_editkey.html.php on line 16
[10-Oct-2022 21:57:14 Asia/Tokyo] PHP Notice:  Undefined variable: run in /home/users/1/kujirahand1914/web/n3s.nadesi.com/cache/show_input_editkey.html.php on line 16
[10-Oct-2022 22:05:19 Asia/Tokyo] PHP Notice:  Undefined variable: run in /home/users/1/kujirahand1914/web/n3s.nadesi.com/cache/show_input_editkey.html.php on line 16
[11-Oct-2022 08:13:54 Asia/Tokyo] PHP Notice:  Undefined variable: bad in /home/users/1/kujirahand1914/web/n3s.nadesi.com/cache/show.html.php on line 178
[11-Oct-2022 10:50:13 Asia/Tokyo] PHP Notice:  Undefined variable: run in /home/users/1/kujirahand1914/web/n3s.nadesi.com/cache/show_input_editkey.html.php on line 16
[11-Oct-2022 11:11:54 Asia/Tokyo] PHP Notice:  Undefined variable: run in /home/users/1/kujirahand1914/web/n3s.nadesi.com/cache/show_input_editkey.html.php on line 16
[11-Oct-2022 11:13:05 Asia/Tokyo] PHP Notice:  Undefined variable: run in /home/users/1/kujirahand1914/web/n3s.nadesi.com/cache/show_input_editkey.html.php on line 16
[11-Oct-2022 11:13:19 Asia/Tokyo] PHP Notice:  Undefined variable: run in /home/users/1/kujirahand1914/web/n3s.nadesi.com/cache/show_input_editkey.html.php on line 16
[12-Oct-2022 02:04:36 Asia/Tokyo] PHP Notice:  Undefined variable: bad in /home/users/1/kujirahand1914/web/n3s.nadesi.com/cache/show.html.php on line 178
[13-Oct-2022 06:47:33 Asia/Tokyo] PHP Notice:  Undefined variable: bad in /home/users/1/kujirahand1914/web/n3s.nadesi.com/cache/show.html.php on line 178
[13-Oct-2022 16:02:24 Asia/Tokyo] PHP Notice:  Undefined variable: run in /home/users/1/kujirahand1914/web/n3s.nadesi.com/cache/show_input_editkey.html.php on line 16
[14-Oct-2022 20:38:39 Asia/Tokyo] PHP Notice:  Undefined variable: bad in /home/users/1/kujirahand1914/web/n3s.nadesi.com/cache/show.html.php on line 178
[17-Oct-2022 19:47:45 Asia/Tokyo] PHP Notice:  Undefined variable: run in /home/users/1/kujirahand1914/web/n3s.nadesi.com/cache/show_input_editkey.html.php on line 16
[17-Oct-2022 19:56:17 Asia/Tokyo] PHP Notice:  Undefined variable: run in /home/users/1/kujirahand1914/web/n3s.nadesi.com/cache/show_input_editkey.html.php on line 16
[20-Oct-2022 21:08:46 Asia/Tokyo] PHP Notice:  Undefined variable: run in /home/users/1/kujirahand1914/web/n3s.nadesi.com/cache/show_input_editkey.html.php on line 16
[21-Oct-2022 04:23:20 Asia/Tokyo] PHP Notice:  Undefined variable: bad in /home/users/1/kujirahand1914/web/n3s.nadesi.com/cache/show.html.php on line 178
[23-Oct-2022 21:23:06 Asia/Tokyo] PHP Notice:  Trying to access array offset on value of type bool in /home/users/1/kujirahand1914/web/n3s.nadesi.com/cache/mypage.html.php on line 26
[23-Oct-2022 21:23:06 Asia/Tokyo] PHP Notice:  Trying to access array offset on value of type bool in /home/users/1/kujirahand1914/web/n3s.nadesi.com/cache/mypage.html.php on line 26
[23-Oct-2022 21:23:06 Asia/Tokyo] PHP Notice:  Trying to access array offset on value of type bool in /home/users/1/kujirahand1914/web/n3s.nadesi.com/cache/mypage.html.php on line 26
[24-Oct-2022 00:42:52 Asia/Tokyo] PHP Notice:  Undefined variable: bad in /home/users/1/kujirahand1914/web/n3s.nadesi.com/cache/show.html.php on line 178
[25-Oct-2022 08:45:02 Asia/Tokyo] PHP Notice:  Trying to access array offset on value of type bool in /home/users/1/kujirahand1914/web/n3s.nadesi.com/cache/mypage.html.php on line 26
[25-Oct-2022 08:45:02 Asia/Tokyo] PHP Notice:  Trying to access array offset on value of type bool in /home/users/1/kujirahand1914/web/n3s.nadesi.com/cache/mypage.html.php on line 26
[25-Oct-2022 08:45:02 Asia/Tokyo] PHP Notice:  Trying to access array offset on value of type bool in /home/users/1/kujirahand1914/web/n3s.nadesi.com/cache/mypage.html.php on line 26
[25-Oct-2022 09:22:18 Asia/Tokyo] PHP Notice:  Undefined variable: bad in /home/users/1/kujirahand1914/web/n3s.nadesi.com/cache/show.html.php on line 178
[25-Oct-2022 09:22:19 Asia/Tokyo] PHP Notice:  Undefined variable: bad in /home/users/1/kujirahand1914/web/n3s.nadesi.com/cache/show.html.php on line 178
[25-Oct-2022 09:23:31 Asia/Tokyo] PHP Notice:  Undefined variable: bad in /home/users/1/kujirahand1914/web/n3s.nadesi.com/cache/show.html.php on line 178
[25-Oct-2022 09:23:34 Asia/Tokyo] PHP Notice:  Undefined variable: bad in /home/users/1/kujirahand1914/web/n3s.nadesi.com/cache/show.html.php on line 178
[25-Oct-2022 09:23:35 Asia/Tokyo] PHP Notice:  Undefined variable: bad in /home/users/1/kujirahand1914/web/n3s.nadesi.com/cache/show.html.php on line 178
[25-Oct-2022 09:23:35 Asia/Tokyo] PHP Notice:  Undefined variable: bad in /home/users/1/kujirahand1914/web/n3s.nadesi.com/cache/show.html.php on line 178
[25-Oct-2022 09:23:36 Asia/Tokyo] PHP Notice:  Undefined variable: bad in /home/users/1/kujirahand1914/web/n3s.nadesi.com/cache/show.html.php on line 178
[25-Oct-2022 09:23:37 Asia/Tokyo] PHP Notice:  Undefined variable: bad in /home/users/1/kujirahand1914/web/n3s.nadesi.com/cache/show.html.php on line 178
[25-Oct-2022 09:23:38 Asia/Tokyo] PHP Notice:  Undefined variable: bad in /home/users/1/kujirahand1914/web/n3s.nadesi.com/cache/show.html.php on line 178
[25-Oct-2022 09:23:38 Asia/Tokyo] PHP Notice:  Undefined variable: bad in /home/users/1/kujirahand1914/web/n3s.nadesi.com/cache/show.html.php on line 178
[25-Oct-2022 09:23:40 Asia/Tokyo] PHP Notice:  Undefined variable: bad in /home/users/1/kujirahand1914/web/n3s.nadesi.com/cache/show.html.php on line 178
[25-Oct-2022 09:23:41 Asia/Tokyo] PHP Notice:  Undefined variable: bad in /home/users/1/kujirahand1914/web/n3s.nadesi.com/cache/show.html.php on line 178
[25-Oct-2022 09:23:43 Asia/Tokyo] PHP Notice:  Undefined variable: bad in /home/users/1/kujirahand1914/web/n3s.nadesi.com/cache/show.html.php on line 178
[25-Oct-2022 09:23:47 Asia/Tokyo] PHP Notice:  Undefined variable: bad in /home/users/1/kujirahand1914/web/n3s.nadesi.com/cache/show.html.php on line 178
[25-Oct-2022 09:23:50 Asia/Tokyo] PHP Notice:  Undefined variable: bad in /home/users/1/kujirahand1914/web/n3s.nadesi.com/cache/show.html.php on line 178
[25-Oct-2022 09:23:55 Asia/Tokyo] PHP Notice:  Undefined variable: bad in /home/users/1/kujirahand1914/web/n3s.nadesi.com/cache/show.html.php on line 178
[25-Oct-2022 09:23:57 Asia/Tokyo] PHP Notice:  Undefined variable: bad in /home/users/1/kujirahand1914/web/n3s.nadesi.com/cache/show.html.php on line 178
[25-Oct-2022 09:24:02 Asia/Tokyo] PHP Notice:  Undefined variable: bad in /home/users/1/kujirahand1914/web/n3s.nadesi.com/cache/show.html.php on line 178
[25-Oct-2022 09:24:09 Asia/Tokyo] PHP Notice:  Undefined variable: bad in /home/users/1/kujirahand1914/web/n3s.nadesi.com/cache/show.html.php on line 178
[25-Oct-2022 09:24:13 Asia/Tokyo] PHP Notice:  Undefined variable: bad in /home/users/1/kujirahand1914/web/n3s.nadesi.com/cache/show.html.php on line 178
[25-Oct-2022 09:24:16 Asia/Tokyo] PHP Notice:  Undefined variable: bad in /home/users/1/kujirahand1914/web/n3s.nadesi.com/cache/show.html.php on line 178
[25-Oct-2022 09:43:06 Asia/Tokyo] PHP Notice:  Undefined variable: bad in /home/users/1/kujirahand1914/web/n3s.nadesi.com/cache/show.html.php on line 178
[27-Oct-2022 07:10:11 Asia/Tokyo] PHP Notice:  Undefined variable: run in /home/users/1/kujirahand1914/web/n3s.nadesi.com/cache/show_input_editkey.html.php on line 16
[28-Oct-2022 01:05:36 Asia/Tokyo] PHP Notice:  Undefined variable: bad in /home/users/1/kujirahand1914/web/n3s.nadesi.com/cache/show.html.php on line 178
[28-Oct-2022 16:44:01 Asia/Tokyo] PHP Notice:  Trying to access array offset on value of type bool in /home/users/1/kujirahand1914/web/n3s.nadesi.com/cache/mypage.html.php on line 26
[28-Oct-2022 16:44:01 Asia/Tokyo] PHP Notice:  Trying to access array offset on value of type bool in /home/users/1/kujirahand1914/web/n3s.nadesi.com/cache/mypage.html.php on line 26
[28-Oct-2022 16:44:01 Asia/Tokyo] PHP Notice:  Trying to access array offset on value of type bool in /home/users/1/kujirahand1914/web/n3s.nadesi.com/cache/mypage.html.php on line 26
[29-Oct-2022 00:33:08 Asia/Tokyo] PHP Notice:  Trying to access array offset on value of type bool in /home/users/1/kujirahand1914/web/n3s.nadesi.com/cache/mypage.html.php on line 26
[29-Oct-2022 00:33:08 Asia/Tokyo] PHP Notice:  Trying to access array offset on value of type bool in /home/users/1/kujirahand1914/web/n3s.nadesi.com/cache/mypage.html.php on line 26
[29-Oct-2022 00:33:08 Asia/Tokyo] PHP Notice:  Trying to access array offset on value of type bool in /home/users/1/kujirahand1914/web/n3s.nadesi.com/cache/mypage.html.php on line 26
[29-Oct-2022 22:43:04 Asia/Tokyo] PHP Notice:  Trying to access array offset on value of type bool in /home/users/1/kujirahand1914/web/n3s.nadesi.com/cache/mypage.html.php on line 26
[29-Oct-2022 22:43:04 Asia/Tokyo] PHP Notice:  Trying to access array offset on value of type bool in /home/users/1/kujirahand1914/web/n3s.nadesi.com/cache/mypage.html.php on line 26
[29-Oct-2022 22:43:04 Asia/Tokyo] PHP Notice:  Trying to access array offset on value of type bool in /home/users/1/kujirahand1914/web/n3s.nadesi.com/cache/mypage.html.php on line 26
[01-Nov-2022 20:31:39 Asia/Tokyo] PHP Notice:  Undefined variable: bad in /home/users/1/kujirahand1914/web/n3s.nadesi.com/cache/show.html.php on line 178
[02-Nov-2022 17:39:39 Asia/Tokyo] PHP Notice:  Undefined variable: bad in /home/users/1/kujirahand1914/web/n3s.nadesi.com/cache/show.html.php on line 178
[06-Nov-2022 00:36:21 Asia/Tokyo] PHP Notice:  Trying to access array offset on value of type bool in /home/users/1/kujirahand1914/web/n3s.nadesi.com/cache/mypage.html.php on line 26
[06-Nov-2022 00:36:21 Asia/Tokyo] PHP Notice:  Trying to access array offset on value of type bool in /home/users/1/kujirahand1914/web/n3s.nadesi.com/cache/mypage.html.php on line 26
[06-Nov-2022 00:36:21 Asia/Tokyo] PHP Notice:  Trying to access array offset on value of type bool in /home/users/1/kujirahand1914/web/n3s.nadesi.com/cache/mypage.html.php on line 26
[06-Nov-2022 00:36:21 Asia/Tokyo] PHP Notice:  Trying to access array offset on value of type bool in /home/users/1/kujirahand1914/web/n3s.nadesi.com/cache/mypage.html.php on line 26
[06-Nov-2022 00:36:21 Asia/Tokyo] PHP Notice:  Trying to access array offset on value of type bool in /home/users/1/kujirahand1914/web/n3s.nadesi.com/cache/mypage.html.php on line 26
[06-Nov-2022 00:36:21 Asia/Tokyo] PHP Notice:  Trying to access array offset on value of type bool in /home/users/1/kujirahand1914/web/n3s.nadesi.com/cache/mypage.html.php on line 26
[06-Nov-2022 00:36:21 Asia/Tokyo] PHP Notice:  Trying to access array offset on value of type bool in /home/users/1/kujirahand1914/web/n3s.nadesi.com/cache/mypage.html.php on line 26
[06-Nov-2022 00:36:21 Asia/Tokyo] PHP Notice:  Trying to access array offset on value of type bool in /home/users/1/kujirahand1914/web/n3s.nadesi.com/cache/mypage.html.php on line 26
[06-Nov-2022 00:36:21 Asia/Tokyo] PHP Notice:  Trying to access array offset on value of type bool in /home/users/1/kujirahand1914/web/n3s.nadesi.com/cache/mypage.html.php on line 26
[07-Nov-2022 22:02:27 Asia/Tokyo] PHP Notice:  Undefined variable: bad in /home/users/1/kujirahand1914/web/n3s.nadesi.com/cache/show.html.php on line 178
[09-Nov-2022 02:19:30 Asia/Tokyo] PHP Notice:  Undefined variable: run in /home/users/1/kujirahand1914/web/n3s.nadesi.com/cache/show_input_editkey.html.php on line 16
[09-Nov-2022 16:06:32 Asia/Tokyo] PHP Notice:  Undefined variable: run in /home/users/1/kujirahand1914/web/n3s.nadesi.com/cache/show_input_editkey.html.php on line 16
[09-Nov-2022 16:12:02 Asia/Tokyo] PHP Notice:  Undefined variable: run in /home/users/1/kujirahand1914/web/n3s.nadesi.com/cache/show_input_editkey.html.php on line 16
[09-Nov-2022 16:12:02 Asia/Tokyo] PHP Notice:  Undefined variable: run in /home/users/1/kujirahand1914/web/n3s.nadesi.com/cache/show_input_editkey.html.php on line 16
[09-Nov-2022 16:12:02 Asia/Tokyo] PHP Notice:  Undefined variable: run in /home/users/1/kujirahand1914/web/n3s.nadesi.com/cache/show_input_editkey.html.php on line 16
[09-Nov-2022 16:27:10 Asia/Tokyo] PHP Notice:  Undefined variable: run in /home/users/1/kujirahand1914/web/n3s.nadesi.com/cache/show_input_editkey.html.php on line 16
[09-Nov-2022 16:27:53 Asia/Tokyo] PHP Notice:  Undefined variable: run in /home/users/1/kujirahand1914/web/n3s.nadesi.com/cache/show_input_editkey.html.php on line 16
[09-Nov-2022 16:29:43 Asia/Tokyo] PHP Notice:  Undefined variable: run in /home/users/1/kujirahand1914/web/n3s.nadesi.com/cache/show_input_editkey.html.php on line 16
[09-Nov-2022 16:35:34 Asia/Tokyo] PHP Notice:  Undefined variable: run in /home/users/1/kujirahand1914/web/n3s.nadesi.com/cache/show_input_editkey.html.php on line 16
[09-Nov-2022 20:36:22 Asia/Tokyo] PHP Notice:  Undefined variable: run in /home/users/1/kujirahand1914/web/n3s.nadesi.com/cache/show_input_editkey.html.php on line 16
[10-Nov-2022 22:09:30 Asia/Tokyo] PHP Notice:  Undefined variable: bad in /home/users/1/kujirahand1914/web/n3s.nadesi.com/cache/show.html.php on line 178
[11-Nov-2022 05:04:37 Asia/Tokyo] PHP Notice:  Undefined variable: bad in /home/users/1/kujirahand1914/web/n3s.nadesi.com/cache/show.html.php on line 178
[13-Nov-2022 21:29:36 Asia/Tokyo] PHP Notice:  Undefined variable: bad in /home/users/1/kujirahand1914/web/n3s.nadesi.com/cache/show.html.php on line 178
[13-Nov-2022 23:14:36 Asia/Tokyo] PHP Notice:  Undefined variable: bad in /home/users/1/kujirahand1914/web/n3s.nadesi.com/cache/show.html.php on line 178
[16-Nov-2022 20:59:36 Asia/Tokyo] PHP Notice:  Undefined variable: bad in /home/users/1/kujirahand1914/web/n3s.nadesi.com/cache/show.html.php on line 178
[17-Nov-2022 07:13:17 Asia/Tokyo] PHP Notice:  Trying to access array offset on value of type bool in /home/users/1/kujirahand1914/web/n3s.nadesi.com/cache/mypage.html.php on line 26
[17-Nov-2022 07:13:17 Asia/Tokyo] PHP Notice:  Trying to access array offset on value of type bool in /home/users/1/kujirahand1914/web/n3s.nadesi.com/cache/mypage.html.php on line 26
[17-Nov-2022 07:13:17 Asia/Tokyo] PHP Notice:  Trying to access array offset on value of type bool in /home/users/1/kujirahand1914/web/n3s.nadesi.com/cache/mypage.html.php on line 26
[17-Nov-2022 07:13:17 Asia/Tokyo] PHP Notice:  Trying to access array offset on value of type bool in /home/users/1/kujirahand1914/web/n3s.nadesi.com/cache/mypage.html.php on line 26
[17-Nov-2022 07:13:17 Asia/Tokyo] PHP Notice:  Trying to access array offset on value of type bool in /home/users/1/kujirahand1914/web/n3s.nadesi.com/cache/mypage.html.php on line 26
[17-Nov-2022 07:13:17 Asia/Tokyo] PHP Notice:  Trying to access array offset on value of type bool in /home/users/1/kujirahand1914/web/n3s.nadesi.com/cache/mypage.html.php on line 26
[17-Nov-2022 07:13:17 Asia/Tokyo] PHP Notice:  Trying to access array offset on value of type bool in /home/users/1/kujirahand1914/web/n3s.nadesi.com/cache/mypage.html.php on line 26
[17-Nov-2022 07:13:17 Asia/Tokyo] PHP Notice:  Trying to access array offset on value of type bool in /home/users/1/kujirahand1914/web/n3s.nadesi.com/cache/mypage.html.php on line 26
[17-Nov-2022 07:13:17 Asia/Tokyo] PHP Notice:  Trying to access array offset on value of type bool in /home/users/1/kujirahand1914/web/n3s.nadesi.com/cache/mypage.html.php on line 26
[19-Nov-2022 06:03:52 Asia/Tokyo] PHP Notice:  Undefined variable: bad in /home/users/1/kujirahand1914/web/n3s.nadesi.com/cache/show.html.php on line 178
[21-Nov-2022 00:37:48 Asia/Tokyo] PHP Notice:  Undefined variable: bad in /home/users/1/kujirahand1914/web/n3s.nadesi.com/cache/show.html.php on line 178
[21-Nov-2022 12:43:43 Asia/Tokyo] PHP Notice:  Undefined variable: bad in /home/users/1/kujirahand1914/web/n3s.nadesi.com/cache/show.html.php on line 178
[23-Nov-2022 13:30:21 Asia/Tokyo] PHP Notice:  Undefined variable: run in /home/users/1/kujirahand1914/web/n3s.nadesi.com/cache/show_input_editkey.html.php on line 16
[25-Nov-2022 16:26:02 Asia/Tokyo] PHP Notice:  Undefined variable: bad in /home/users/1/kujirahand1914/web/n3s.nadesi.com/cache/show.html.php on line 178
[26-Nov-2022 07:17:07 Asia/Tokyo] PHP Notice:  Undefined variable: run in /home/users/1/kujirahand1914/web/n3s.nadesi.com/cache/show_input_editkey.html.php on line 16
[27-Nov-2022 12:22:21 Asia/Tokyo] PHP Notice:  Undefined variable: bad in /home/users/1/kujirahand1914/web/n3s.nadesi.com/cache/show.html.php on line 178
[29-Nov-2022 13:03:51 Asia/Tokyo] PHP Warning:  mkdir(): File exists in /home/users/1/kujirahand1914/web/n3s.nadesi.com/cdn.php on line 82
[04-Dec-2022 06:06:55 Asia/Tokyo] PHP Notice:  Undefined variable: run in /home/users/1/kujirahand1914/web/n3s.nadesi.com/cache/show_input_editkey.html.php on line 16
[08-Dec-2022 23:48:14 Asia/Tokyo] PHP Notice:  Undefined variable: bad in /home/users/1/kujirahand1914/web/n3s.nadesi.com/cache/show.html.php on line 181
[12-Dec-2022 04:37:43 Asia/Tokyo] PHP Notice:  Undefined variable: bad in /home/users/1/kujirahand1914/web/n3s.nadesi.com/cache/show.html.php on line 181
[13-Dec-2022 23:54:33 Asia/Tokyo] PHP Notice:  Undefined variable: bad in /home/users/1/kujirahand1914/web/n3s.nadesi.com/cache/show.html.php on line 181
[16-Dec-2022 23:18:15 Asia/Tokyo] PHP Notice:  Undefined variable: bad in /home/users/1/kujirahand1914/web/n3s.nadesi.com/cache/show.html.php on line 181
[17-Dec-2022 00:51:27 Asia/Tokyo] PHP Notice:  Trying to access array offset on value of type bool in /home/users/1/kujirahand1914/web/n3s.nadesi.com/cache/mypage.html.php on line 26
[17-Dec-2022 00:51:27 Asia/Tokyo] PHP Notice:  Trying to access array offset on value of type bool in /home/users/1/kujirahand1914/web/n3s.nadesi.com/cache/mypage.html.php on line 26
[17-Dec-2022 00:51:27 Asia/Tokyo] PHP Notice:  Trying to access array offset on value of type bool in /home/users/1/kujirahand1914/web/n3s.nadesi.com/cache/mypage.html.php on line 26
[17-Dec-2022 00:51:27 Asia/Tokyo] PHP Notice:  Trying to access array offset on value of type bool in /home/users/1/kujirahand1914/web/n3s.nadesi.com/cache/mypage.html.php on line 26
[17-Dec-2022 00:51:27 Asia/Tokyo] PHP Notice:  Trying to access array offset on value of type bool in /home/users/1/kujirahand1914/web/n3s.nadesi.com/cache/mypage.html.php on line 26
[17-Dec-2022 00:51:27 Asia/Tokyo] PHP Notice:  Trying to access array offset on value of type bool in /home/users/1/kujirahand1914/web/n3s.nadesi.com/cache/mypage.html.php on line 26
[17-Dec-2022 00:51:27 Asia/Tokyo] PHP Notice:  Trying to access array offset on value of type bool in /home/users/1/kujirahand1914/web/n3s.nadesi.com/cache/mypage.html.php on line 26
[17-Dec-2022 00:51:27 Asia/Tokyo] PHP Notice:  Trying to access array offset on value of type bool in /home/users/1/kujirahand1914/web/n3s.nadesi.com/cache/mypage.html.php on line 26
[17-Dec-2022 00:51:27 Asia/Tokyo] PHP Notice:  Trying to access array offset on value of type bool in /home/users/1/kujirahand1914/web/n3s.nadesi.com/cache/mypage.html.php on line 26
[17-Dec-2022 09:41:22 Asia/Tokyo] PHP Notice:  Undefined variable: run in /home/users/1/kujirahand1914/web/n3s.nadesi.com/cache/show_input_editkey.html.php on line 16
[17-Dec-2022 22:45:50 Asia/Tokyo] PHP Notice:  Undefined variable: bad in /home/users/1/kujirahand1914/web/n3s.nadesi.com/cache/show.html.php on line 181
[18-Dec-2022 05:22:11 Asia/Tokyo] PHP Notice:  Undefined variable: run in /home/users/1/kujirahand1914/web/n3s.nadesi.com/cache/show_input_editkey.html.php on line 16
[20-Dec-2022 20:38:31 Asia/Tokyo] PHP Notice:  Undefined variable: run in /home/users/1/kujirahand1914/web/n3s.nadesi.com/cache/show_input_editkey.html.php on line 16
[21-Dec-2022 13:32:46 Asia/Tokyo] PHP Notice:  Undefined variable: bad in /home/users/1/kujirahand1914/web/n3s.nadesi.com/cache/show.html.php on line 181
[22-Dec-2022 11:16:44 Asia/Tokyo] PHP Notice:  Undefined variable: e in /home/users/1/kujirahand1914/web/n3s.nadesi.com/app/action/login.inc.php on line 100
[22-Dec-2022 11:16:44 Asia/Tokyo] PHP Fatal error:  Uncaught Error: Call to a member function getMessage() on null in /home/users/1/kujirahand1914/web/n3s.nadesi.com/app/action/login.inc.php:100
Stack trace:
#0 /home/users/1/kujirahand1914/web/n3s.nadesi.com/app/action/login.inc.php(34): n3s_web_login_callback()
#1 /home/users/1/kujirahand1914/web/n3s.nadesi.com/app/index.inc.php(41): n3s_web_login()
#2 /home/users/1/kujirahand1914/web/n3s.nadesi.com/app/index.inc.php(18): n3s_action()
#3 /home/users/1/kujirahand1914/web/n3s.nadesi.com/app/index.inc.php(12): n3s_main()
#4 /home/users/1/kujirahand1914/web/n3s.nadesi.com/index.php(17): include_once('/home/users/1/k...')
#5 /home/users/1/kujirahand1914/web/n3s.nadesi.com/callback.php(5): require('/home/users/1/k...')
#6 {main}
  thrown in /home/users/1/kujirahand1914/web/n3s.nadesi.com/app/action/login.inc.php on line 100
[26-Dec-2022 16:38:37 Asia/Tokyo] PHP Notice:  Undefined variable: bad in /home/users/1/kujirahand1914/web/n3s.nadesi.com/cache/show.html.php on line 181
[26-Dec-2022 16:38:51 Asia/Tokyo] PHP Notice:  Undefined variable: bad in /home/users/1/kujirahand1914/web/n3s.nadesi.com/cache/show.html.php on line 181
